[2025-07-30 14:33:59] local.INFO: ╬════════════════════════════════════════════════════════════════════════════════════════════════════════════════════════════════════════════════════════════════════════════════════════════════════════╬
║ REQUEST ROUTE ═══════════════════════════════════════════════════════════════════════════════════════════════════════║
║ URL:                 POST http://localhost:8918/admin/system/menu/add                                              ║
║ Time:                2025-07-30 14:33:59.225                                                                       ║
║ Parameters:          {"name":"111111","permission":"","type":"1","sort":"111","parent_id":"0","path":"\/","icon":"ep:avatar","component":"","component_name":"","status":"0","visible":"1","keep_alive":"1","always_show":"1","request_id":"972384e5-834a-4f67-ba92-35fd3e26a11f"}║
║══════════════════════════════════════════════════════════════════════════════════════════════════════════════════════║
║ EXECUTION FLOW ═══════════════════════════════════════════════════════════════════════════════════════════════════════║
║ 🚀     【App\Services\Admin\SystemMenuService::add】                                                                      ║
║     ↳ Params: [{"name":"111111","permission":"","type":"1","sort":"111","parent_id":"0","path":"\/","icon":"ep:avatar║
║ ","component":"","component_name":"","status":"0","visible":"1","keep_alive":"1","always_show":"1"}]                 ║
║     ↳ Time: 2025-07-30 14:33:59.087                                                                                  ║
║     🚫 Exception【App\Services\Admin\SystemMenuService::add】                                                           ║
║     ↳ Message: App\Exceptions\BusinessException: rules function name error in D:\project\ai-services\app\Validates\Ba║
║ seValidated.php:76
Stack trace:
#0 D:\project\ai-services\app\Services\Admin\SystemMenuService.php(55): App\Validates║
║ \BaseValidated->isRunFail()
#1 [internal function]: App\Services\Admin\SystemMenuService->add(Array)
#2 D:\project\ai║
║ -services\app\Helpers\AopProxy.php(55): call_user_func_array(Array, Array)
#3 D:\project\ai-services\app\Http\Control║
║ lers\Admin\SystemMenuController.php(46): class@anonymous->__call('add', Array)
#4 D:\project\ai-services\vendor\larav║
║ el\framework\src\Illuminate\Routing\Controller.php(54): App\Http\Controllers\Admin\SystemMenuController->add(Object(I║
║ lluminate\Http\Request))
#5 D:\project\ai-services\vendor\laravel\framework\src\Illuminate\Routing\ControllerDispatch║
║ er.php(45): Illuminate\Routing\Controller->callAction('add', Array)
#6 D:\project\ai-services\vendor\laravel\framewor║
║ k\src\Illuminate\Routing\Route.php(261): Illuminate\Routing\ControllerDispatcher->dispatch(Object(Illuminate\Routing\║
║ Route), Object(App\Http\Controllers\Admin\SystemMenuController), 'add')
#7 D:\project\ai-services\vendor\laravel\fram║
║ ework\src\Illuminate\Routing\Route.php(204): Illuminate\Routing\Route->runController()
#8 D:\project\ai-services\vend║
║ or\laravel\framework\src\Illuminate\Routing\Router.php(721): Illuminate\Routing\Route->run()
#9 D:\project\ai-service║
║ s\vendor\laravel\framework\src\Illuminate\Pipeline\Pipeline.php(128): Illuminate\Routing\Router->Illuminate\Routing\{║
║ closure}(Object(Illuminate\Http\Request))
#10 D:\project\ai-services\app\Http\Middleware\AdminMiddleware.php(38): Ill║
║ uminate\Pipeline\Pipeline->Illuminate\Pipeline\{closure}(Object(Illuminate\Http\Request))
#11 D:\project\ai-services\║
║ vendor\laravel\framework\src\Illuminate\Pipeline\Pipeline.php(167): App\Http\Middleware\AdminMiddleware->handle(Objec║
║ t(Illuminate\Http\Request), Object(Closure))
#12 D:\project\ai-services\vendor\laravel\framework\src\Illuminate\Routi║
║ ng\Middleware\SubstituteBindings.php(50): Illuminate\Pipeline\Pipeline->Illuminate\Pipeline\{closure}(Object(Illumina║
║ te\Http\Request))
#13 D:\project\ai-services\vendor\laravel\framework\src\Illuminate\Pipeline\Pipeline.php(167): Illu║
║ minate\Routing\Middleware\SubstituteBindings->handle(Object(Illuminate\Http\Request), Object(Closure))
#14 D:\project║
║ \ai-services\vendor\laravel\framework\src\Illuminate\Pipeline\Pipeline.php(103): Illuminate\Pipeline\Pipeline->Illumi║
║ nate\Pipeline\{closure}(Object(Illuminate\Http\Request))
#15 D:\project\ai-services\vendor\laravel\framework\src\Illu║
║ minate\Routing\Router.php(723): Illuminate\Pipeline\Pipeline->then(Object(Closure))
#16 D:\project\ai-services\vendor║
║ \laravel\framework\src\Illuminate\Routing\Router.php(698): Illuminate\Routing\Router->runRouteWithinStack(Object(Illu║
║ minate\Routing\Route), Object(Illuminate\Http\Request))
#17 D:\project\ai-services\vendor\laravel\framework\src\Illum║
║ inate\Routing\Router.php(662): Illuminate\Routing\Router->runRoute(Object(Illuminate\Http\Request), Object(Illuminate║
║ \Routing\Route))
#18 D:\project\ai-services\vendor\laravel\framework\src\Illuminate\Routing\Router.php(651): Illumina║
║ te\Routing\Router->dispatchToRoute(Object(Illuminate\Http\Request))
#19 D:\project\ai-services\vendor\laravel\framewo║
║ rk\src\Illuminate\Foundation\Http\Kernel.php(167): Illuminate\Routing\Router->dispatch(Object(Illuminate\Http\Request║
║ ))
#20 D:\project\ai-services\vendor\laravel\framework\src\Illuminate\Pipeline\Pipeline.php(128): Illuminate\Foundati║
║ on\Http\Kernel->Illuminate\Foundation\Http\{closure}(Object(Illuminate\Http\Request))
#21 D:\project\ai-services\vend║
║ or\laravel\framework\src\Illuminate\Foundation\Http\Middleware\TransformsRequest.php(21): Illuminate\Pipeline\Pipelin║
║ e->Illuminate\Pipeline\{closure}(Object(Illuminate\Http\Request))
#22 D:\project\ai-services\vendor\laravel\framework║
║ \src\Illuminate\Foundation\Http\Middleware\ConvertEmptyStringsToNull.php(31): Illuminate\Foundation\Http\Middleware\T║
║ ransformsRequest->handle(Object(Illuminate\Http\Request), Object(Closure))
#23 D:\project\ai-services\vendor\laravel\║
║ framework\src\Illuminate\Pipeline\Pipeline.php(167): Illuminate\Foundation\Http\Middleware\ConvertEmptyStringsToNull-║
║ >handle(Object(Illuminate\Http\Request), Object(Closure))
#24 D:\project\ai-services\vendor\laravel\framework\src\Ill║
║ uminate\Foundation\Http\Middleware\TransformsRequest.php(21): Illuminate\Pipeline\Pipeline->Illuminate\Pipeline\{clos║
║ ure}(Object(Illuminate\Http\Request))
#25 D:\project\ai-services\vendor\laravel\framework\src\Illuminate\Foundation\H║
║ ttp\Middleware\TrimStrings.php(40): Illuminate\Foundation\Http\Middleware\TransformsRequest->handle(Object(Illuminate║
║ \Http\Request), Object(Closure))
#26 D:\project\ai-services\vendor\laravel\framework\src\Illuminate\Pipeline\Pipeline║
║ .php(167): Illuminate\Foundation\Http\Middleware\TrimStrings->handle(Object(Illuminate\Http\Request), Object(Closure)║
║ )
#27 D:\project\ai-services\vendor\laravel\framework\src\Illuminate\Foundation\Http\Middleware\ValidatePostSize.php(║
║ 27): Illuminate\Pipeline\Pipeline->Illuminate\Pipeline\{closure}(Object(Illuminate\Http\Request))
#28 D:\project\ai-s║
║ ervices\vendor\laravel\framework\src\Illuminate\Pipeline\Pipeline.php(167): Illuminate\Foundation\Http\Middleware\Val║
║ idatePostSize->handle(Object(Illuminate\Http\Request), Object(Closure))
#29 D:\project\ai-services\vendor\laravel\fra║
║ mework\src\Illuminate\Foundation\Http\Middleware\PreventRequestsDuringMaintenance.php(86): Illuminate\Pipeline\Pipeli║
║ ne->Illuminate\Pipeline\{closure}(Object(Illuminate\Http\Request))
#30 D:\project\ai-services\vendor\laravel\framewor║
║ k\src\Illuminate\Pipeline\Pipeline.php(167): Illuminate\Foundation\Http\Middleware\PreventRequestsDuringMaintenance->║
║ handle(Object(Illuminate\Http\Request), Object(Closure))
#31 D:\project\ai-services\vendor\laravel\framework\src\Illu║
║ minate\Http\Middleware\TrustProxies.php(39): Illuminate\Pipeline\Pipeline->Illuminate\Pipeline\{closure}(Object(Illum║
║ inate\Http\Request))
#32 D:\project\ai-services\vendor\laravel\framework\src\Illuminate\Pipeline\Pipeline.php(167): I║
║ lluminate\Http\Middleware\TrustProxies->handle(Object(Illuminate\Http\Request), Object(Closure))
#33 D:\project\ai-se║
║ rvices\vendor\laravel\framework\src\Illuminate\Pipeline\Pipeline.php(103): Illuminate\Pipeline\Pipeline->Illuminate\P║
║ ipeline\{closure}(Object(Illuminate\Http\Request))
#34 D:\project\ai-services\vendor\laravel\framework\src\Illuminate║
║ \Foundation\Http\Kernel.php(142): Illuminate\Pipeline\Pipeline->then(Object(Closure))
#35 D:\project\ai-services\vend║
║ or\laravel\framework\src\Illuminate\Foundation\Http\Kernel.php(111): Illuminate\Foundation\Http\Kernel->sendRequestTh║
║ roughRouter(Object(Illuminate\Http\Request))
#36 D:\project\ai-services\public\index.php(52): Illuminate\Foundation\H║
║ ttp\Kernel->handle(Object(Illuminate\Http\Request))
#37 {main}                                                       ║
║     ↳ Location: \app\Services\Admin\SystemMenuService.php:90                                                         ║
║     ↳ Time: 2025-07-30 14:33:59.224 (137.56ms)                                                                       ║
║══════════════════════════════════════════════════════════════════════════════════════════════════════════════════════║
║ RESPONSE SUMMARY ═════════════════════════════════════════════════════════════════════════════════════════════════════║
║  Total time: 0.00ms                                                                                                  ║
║  Longest duration: 0.00ms (方法: )                                                                                     ║
║  Request ID: 972384e5-834a-4f67-ba92-35fd3e26a11f                                                                    ║
║  Manual logs: 0                                                                                                      ║
║ End time: 2025-07-30 14:33:59.225                                                                                   ║
║══════════════════════════════════════════════════════════════════════════════════════════════════════════════════════║
╬════════════════════════════════════════════════════════════════════════════════════════════════════════════════════════════════════════════════════════════════════════════════════════════════════════╬  
[2025-07-30 14:37:09] local.INFO: ╬════════════════════════════════════════════════════════════════════════════════════════════════════════════════════════════════════════════════════════════════════════════════════════════════════════╬
║ REQUEST ROUTE ═══════════════════════════════════════════════════════════════════════════════════════════════════════║
║ URL:                 POST http://localhost:8918/admin/system/menu/add                                              ║
║ Time:                2025-07-30 14:37:09.799                                                                       ║
║ Parameters:          {"name":"111111","permission":"","type":"1","sort":"111","parent_id":"0","path":"\/","icon":"ep:avatar","component":"","component_name":"","status":"0","visible":"1","keep_alive":"1","always_show":"1","request_id":"cbaf32a1-9d87-4ad4-866b-e36621339de4"}║
║══════════════════════════════════════════════════════════════════════════════════════════════════════════════════════║
║ EXECUTION FLOW ═══════════════════════════════════════════════════════════════════════════════════════════════════════║
║ 🚀     【App\Services\Admin\SystemMenuService::add】                                                                      ║
║     ↳ Params: [{"name":"111111","permission":"","type":"1","sort":"111","parent_id":"0","path":"\/","icon":"ep:avatar║
║ ","component":"","component_name":"","status":"0","visible":"1","keep_alive":"1","always_show":"1"}]                 ║
║     ↳ Time: 2025-07-30 14:37:09.675                                                                                  ║
║     ↳ Result: []                                                                                                     ║
║     ↳ End: >>> 2025-07-30 14:37:09.799 <<< (⚠️ 124.14ms)                                                             ║
║══════════════════════════════════════════════════════════════════════════════════════════════════════════════════════║
║ RESPONSE SUMMARY ═════════════════════════════════════════════════════════════════════════════════════════════════════║
║  Total time: 124.14ms                                                                                                ║
║  Longest duration: 124.14ms (方法: App\Services\Admin\SystemMenuService::add)                                          ║
║  Request ID: cbaf32a1-9d87-4ad4-866b-e36621339de4                                                                    ║
║  Manual logs: 0                                                                                                      ║
║ End time: 2025-07-30 14:37:09.799                                                                                   ║
║══════════════════════════════════════════════════════════════════════════════════════════════════════════════════════║
╬════════════════════════════════════════════════════════════════════════════════════════════════════════════════════════════════════════════════════════════════════════════════════════════════════════╬  
[2025-07-30 15:20:59] local.INFO: ╬════════════════════════════════════════════════════════════════════════════════════════════════════════════════════════════════════════════════════════════════════════════════════════════════════════╬
║ REQUEST ROUTE ═══════════════════════════════════════════════════════════════════════════════════════════════════════║
║ URL:                 POST http://localhost:8918/admin/system/menu/add                                              ║
║ Time:                2025-07-30 15:20:59.832                                                                       ║
║ Parameters:          {"name":"111111","permission":"","type":"1","sort":"111","parent_id":"0","path":"\/","icon":"ep:avatar","component":"","component_name":"","status":"0","visible":"1","keep_alive":"1","always_show":"1","request_id":"088f14c8-226c-494f-bba2-07f8f6c2a869"}║
║══════════════════════════════════════════════════════════════════════════════════════════════════════════════════════║
║ EXECUTION FLOW ═══════════════════════════════════════════════════════════════════════════════════════════════════════║
║ 🚀     【App\Services\Admin\SystemMenuService::add】                                                                      ║
║     ↳ Params: [{"name":"111111","permission":"","type":"1","sort":"111","parent_id":"0","path":"\/","icon":"ep:avatar║
║ ","component":"","component_name":"","status":"0","visible":"1","keep_alive":"1","always_show":"1"}]                 ║
║     ↳ Time: 2025-07-30 15:20:59.494                                                                                  ║
║     🚫 Exception【App\Services\Admin\SystemMenuService::add】                                                           ║
║     ↳ Message: App\Models\BaseModel::getSingleRecord(): Return value must be of type array, null returned            ║
║     ↳ Location: \app\Models\BaseModel.php:218                                                                        ║
║     ↳ Time: 2025-07-30 15:20:59.832 (337.32ms)                                                                       ║
║══════════════════════════════════════════════════════════════════════════════════════════════════════════════════════║
║ RESPONSE SUMMARY ═════════════════════════════════════════════════════════════════════════════════════════════════════║
║  Total time: 0.00ms                                                                                                  ║
║  Longest duration: 0.00ms (方法: )                                                                                     ║
║  Request ID: 088f14c8-226c-494f-bba2-07f8f6c2a869                                                                    ║
║  Manual logs: 0                                                                                                      ║
║ End time: 2025-07-30 15:20:59.832                                                                                   ║
║══════════════════════════════════════════════════════════════════════════════════════════════════════════════════════║
╬════════════════════════════════════════════════════════════════════════════════════════════════════════════════════════════════════════════════════════════════════════════════════════════════════════╬  
[2025-07-30 15:24:52] local.INFO: ╬════════════════════════════════════════════════════════════════════════════════════════════════════════════════════════════════════════════════════════════════════════════════════════════════════════╬
║ REQUEST ROUTE ═══════════════════════════════════════════════════════════════════════════════════════════════════════║
║ URL:                 POST http://localhost:8918/admin/system/menu/add                                              ║
║ Time:                2025-07-30 15:24:52.798                                                                       ║
║ Parameters:          {"name":"111111","permission":"","type":"1","sort":"111","parent_id":"0","path":"\/","icon":"ep:avatar","component":"","component_name":"","status":"0","visible":"1","keep_alive":"1","always_show":"1","request_id":"9f5d2c61-891c-47a9-bfa7-aca4e16978e3"}║
║══════════════════════════════════════════════════════════════════════════════════════════════════════════════════════║
║ EXECUTION FLOW ═══════════════════════════════════════════════════════════════════════════════════════════════════════║
║ 🚀     【App\Services\Admin\SystemMenuService::add】                                                                      ║
║     ↳ Params: [{"name":"111111","permission":"","type":"1","sort":"111","parent_id":"0","path":"\/","icon":"ep:avatar║
║ ","component":"","component_name":"","status":"0","visible":"1","keep_alive":"1","always_show":"1"}]                 ║
║     ↳ Time: 2025-07-30 15:24:52.715                                                                                  ║
║     🚫 Exception【App\Services\Admin\SystemMenuService::add】                                                           ║
║     ↳ Message: App\Exceptions\BusinessException: 父菜单不存在 in D:\project\ai-services\app\Services\Admin\SystemMenuServic║
║ e.php:73
Stack trace:
#0 [internal function]: App\Services\Admin\SystemMenuService->add(Array)
#1 D:\project\ai-servi║
║ ces\app\Helpers\AopProxy.php(55): call_user_func_array(Array, Array)
#2 D:\project\ai-services\app\Http\Controllers\A║
║ dmin\SystemMenuController.php(46): class@anonymous->__call('add', Array)
#3 D:\project\ai-services\vendor\laravel\fra║
║ mework\src\Illuminate\Routing\Controller.php(54): App\Http\Controllers\Admin\SystemMenuController->add(Object(Illumin║
║ ate\Http\Request))
#4 D:\project\ai-services\vendor\laravel\framework\src\Illuminate\Routing\ControllerDispatcher.php║
║ (45): Illuminate\Routing\Controller->callAction('add', Array)
#5 D:\project\ai-services\vendor\laravel\framework\src\║
║ Illuminate\Routing\Route.php(261): Illuminate\Routing\ControllerDispatcher->dispatch(Object(Illuminate\Routing\Route)║
║ , Object(App\Http\Controllers\Admin\SystemMenuController), 'add')
#6 D:\project\ai-services\vendor\laravel\framework\║
║ src\Illuminate\Routing\Route.php(204): Illuminate\Routing\Route->runController()
#7 D:\project\ai-services\vendor\lar║
║ avel\framework\src\Illuminate\Routing\Router.php(721): Illuminate\Routing\Route->run()
#8 D:\project\ai-services\vend║
║ or\laravel\framework\src\Illuminate\Pipeline\Pipeline.php(128): Illuminate\Routing\Router->Illuminate\Routing\{closur║
║ e}(Object(Illuminate\Http\Request))
#9 D:\project\ai-services\app\Http\Middleware\AdminMiddleware.php(38): Illuminate║
║ \Pipeline\Pipeline->Illuminate\Pipeline\{closure}(Object(Illuminate\Http\Request))
#10 D:\project\ai-services\vendor\║
║ laravel\framework\src\Illuminate\Pipeline\Pipeline.php(167): App\Http\Middleware\AdminMiddleware->handle(Object(Illum║
║ inate\Http\Request), Object(Closure))
#11 D:\project\ai-services\vendor\laravel\framework\src\Illuminate\Routing\Midd║
║ leware\SubstituteBindings.php(50): Illuminate\Pipeline\Pipeline->Illuminate\Pipeline\{closure}(Object(Illuminate\Http║
║ \Request))
#12 D:\project\ai-services\vendor\laravel\framework\src\Illuminate\Pipeline\Pipeline.php(167): Illuminate\║
║ Routing\Middleware\SubstituteBindings->handle(Object(Illuminate\Http\Request), Object(Closure))
#13 D:\project\ai-ser║
║ vices\vendor\laravel\framework\src\Illuminate\Pipeline\Pipeline.php(103): Illuminate\Pipeline\Pipeline->Illuminate\Pi║
║ peline\{closure}(Object(Illuminate\Http\Request))
#14 D:\project\ai-services\vendor\laravel\framework\src\Illuminate\║
║ Routing\Router.php(723): Illuminate\Pipeline\Pipeline->then(Object(Closure))
#15 D:\project\ai-services\vendor\larave║
║ l\framework\src\Illuminate\Routing\Router.php(698): Illuminate\Routing\Router->runRouteWithinStack(Object(Illuminate\║
║ Routing\Route), Object(Illuminate\Http\Request))
#16 D:\project\ai-services\vendor\laravel\framework\src\Illuminate\R║
║ outing\Router.php(662): Illuminate\Routing\Router->runRoute(Object(Illuminate\Http\Request), Object(Illuminate\Routin║
║ g\Route))
#17 D:\project\ai-services\vendor\laravel\framework\src\Illuminate\Routing\Router.php(651): Illuminate\Rout║
║ ing\Router->dispatchToRoute(Object(Illuminate\Http\Request))
#18 D:\project\ai-services\vendor\laravel\framework\src\║
║ Illuminate\Foundation\Http\Kernel.php(167): Illuminate\Routing\Router->dispatch(Object(Illuminate\Http\Request))
#19 ║
║ D:\project\ai-services\vendor\laravel\framework\src\Illuminate\Pipeline\Pipeline.php(128): Illuminate\Foundation\Http║
║ \Kernel->Illuminate\Foundation\Http\{closure}(Object(Illuminate\Http\Request))
#20 D:\project\ai-services\vendor\lara║
║ vel\framework\src\Illuminate\Foundation\Http\Middleware\TransformsRequest.php(21): Illuminate\Pipeline\Pipeline->Illu║
║ minate\Pipeline\{closure}(Object(Illuminate\Http\Request))
#21 D:\project\ai-services\vendor\laravel\framework\src\Il║
║ luminate\Foundation\Http\Middleware\ConvertEmptyStringsToNull.php(31): Illuminate\Foundation\Http\Middleware\Transfor║
║ msRequest->handle(Object(Illuminate\Http\Request), Object(Closure))
#22 D:\project\ai-services\vendor\laravel\framewo║
║ rk\src\Illuminate\Pipeline\Pipeline.php(167): Illuminate\Foundation\Http\Middleware\ConvertEmptyStringsToNull->handle║
║ (Object(Illuminate\Http\Request), Object(Closure))
#23 D:\project\ai-services\vendor\laravel\framework\src\Illuminate║
║ \Foundation\Http\Middleware\TransformsRequest.php(21): Illuminate\Pipeline\Pipeline->Illuminate\Pipeline\{closure}(Ob║
║ ject(Illuminate\Http\Request))
#24 D:\project\ai-services\vendor\laravel\framework\src\Illuminate\Foundation\Http\Mid║
║ dleware\TrimStrings.php(40): Illuminate\Foundation\Http\Middleware\TransformsRequest->handle(Object(Illuminate\Http\R║
║ equest), Object(Closure))
#25 D:\project\ai-services\vendor\laravel\framework\src\Illuminate\Pipeline\Pipeline.php(16║
║ 7): Illuminate\Foundation\Http\Middleware\TrimStrings->handle(Object(Illuminate\Http\Request), Object(Closure))
#26 D║
║ :\project\ai-services\vendor\laravel\framework\src\Illuminate\Foundation\Http\Middleware\ValidatePostSize.php(27): Il║
║ luminate\Pipeline\Pipeline->Illuminate\Pipeline\{closure}(Object(Illuminate\Http\Request))
#27 D:\project\ai-services║
║ \vendor\laravel\framework\src\Illuminate\Pipeline\Pipeline.php(167): Illuminate\Foundation\Http\Middleware\ValidatePo║
║ stSize->handle(Object(Illuminate\Http\Request), Object(Closure))
#28 D:\project\ai-services\vendor\laravel\framework\║
║ src\Illuminate\Foundation\Http\Middleware\PreventRequestsDuringMaintenance.php(86): Illuminate\Pipeline\Pipeline->Ill║
║ uminate\Pipeline\{closure}(Object(Illuminate\Http\Request))
#29 D:\project\ai-services\vendor\laravel\framework\src\I║
║ lluminate\Pipeline\Pipeline.php(167): Illuminate\Foundation\Http\Middleware\PreventRequestsDuringMaintenance->handle(║
║ Object(Illuminate\Http\Request), Object(Closure))
#30 D:\project\ai-services\vendor\laravel\framework\src\Illuminate\║
║ Http\Middleware\TrustProxies.php(39): Illuminate\Pipeline\Pipeline->Illuminate\Pipeline\{closure}(Object(Illuminate\H║
║ ttp\Request))
#31 D:\project\ai-services\vendor\laravel\framework\src\Illuminate\Pipeline\Pipeline.php(167): Illumina║
║ te\Http\Middleware\TrustProxies->handle(Object(Illuminate\Http\Request), Object(Closure))
#32 D:\project\ai-services\║
║ vendor\laravel\framework\src\Illuminate\Pipeline\Pipeline.php(103): Illuminate\Pipeline\Pipeline->Illuminate\Pipeline║
║ \{closure}(Object(Illuminate\Http\Request))
#33 D:\project\ai-services\vendor\laravel\framework\src\Illuminate\Founda║
║ tion\Http\Kernel.php(142): Illuminate\Pipeline\Pipeline->then(Object(Closure))
#34 D:\project\ai-services\vendor\lara║
║ vel\framework\src\Illuminate\Foundation\Http\Kernel.php(111): Illuminate\Foundation\Http\Kernel->sendRequestThroughRo║
║ uter(Object(Illuminate\Http\Request))
#35 D:\project\ai-services\public\index.php(52): Illuminate\Foundation\Http\Ker║
║ nel->handle(Object(Illuminate\Http\Request))
#36 {main}                                                              ║
║     ↳ Location: \app\Services\Admin\SystemMenuService.php:116                                                        ║
║     ↳ Time: 2025-07-30 15:24:52.798 (83.04ms)                                                                        ║
║══════════════════════════════════════════════════════════════════════════════════════════════════════════════════════║
║ RESPONSE SUMMARY ═════════════════════════════════════════════════════════════════════════════════════════════════════║
║  Total time: 0.00ms                                                                                                  ║
║  Longest duration: 0.00ms (方法: )                                                                                     ║
║  Request ID: 9f5d2c61-891c-47a9-bfa7-aca4e16978e3                                                                    ║
║  Manual logs: 0                                                                                                      ║
║ End time: 2025-07-30 15:24:52.799                                                                                   ║
║══════════════════════════════════════════════════════════════════════════════════════════════════════════════════════║
╬════════════════════════════════════════════════════════════════════════════════════════════════════════════════════════════════════════════════════════════════════════════════════════════════════════╬  
[2025-07-30 15:33:10] local.INFO: ╬════════════════════════════════════════════════════════════════════════════════════════════════════════════════════════════════════════════════════════════════════════════════════════════════════════╬
║ REQUEST ROUTE ═══════════════════════════════════════════════════════════════════════════════════════════════════════║
║ URL:                 POST http://localhost:8918/admin/system/menu/add                                              ║
║ Time:                2025-07-30 15:33:10.850                                                                       ║
║ Parameters:          {"name":"111111","permission":"","type":"1","sort":"111","parent_id":"0","path":"\/","icon":"ep:avatar","component":"","component_name":"","status":"0","visible":"1","keep_alive":"1","always_show":"1","request_id":"01490093-0793-4360-bd76-975f289fe35e"}║
║══════════════════════════════════════════════════════════════════════════════════════════════════════════════════════║
║ EXECUTION FLOW ═══════════════════════════════════════════════════════════════════════════════════════════════════════║
║ 🚀     【App\Services\Admin\SystemMenuService::add】                                                                      ║
║     ↳ Params: [{"name":"111111","permission":"","type":"1","sort":"111","parent_id":"0","path":"\/","icon":"ep:avatar║
║ ","component":"","component_name":"","status":"0","visible":"1","keep_alive":"1","always_show":"1"}]                 ║
║     ↳ Time: 2025-07-30 15:33:10.759                                                                                  ║
║     🚫 Exception【App\Services\Admin\SystemMenuService::add】                                                           ║
║     ↳ Message: App\Exceptions\BusinessException: 父菜单不存在 in D:\project\ai-services\app\Services\Admin\SystemMenuServic║
║ e.php:73
Stack trace:
#0 [internal function]: App\Services\Admin\SystemMenuService->add(Array)
#1 D:\project\ai-servi║
║ ces\app\Helpers\AopProxy.php(55): call_user_func_array(Array, Array)
#2 D:\project\ai-services\app\Http\Controllers\A║
║ dmin\SystemMenuController.php(46): class@anonymous->__call('add', Array)
#3 D:\project\ai-services\vendor\laravel\fra║
║ mework\src\Illuminate\Routing\Controller.php(54): App\Http\Controllers\Admin\SystemMenuController->add(Object(Illumin║
║ ate\Http\Request))
#4 D:\project\ai-services\vendor\laravel\framework\src\Illuminate\Routing\ControllerDispatcher.php║
║ (45): Illuminate\Routing\Controller->callAction('add', Array)
#5 D:\project\ai-services\vendor\laravel\framework\src\║
║ Illuminate\Routing\Route.php(261): Illuminate\Routing\ControllerDispatcher->dispatch(Object(Illuminate\Routing\Route)║
║ , Object(App\Http\Controllers\Admin\SystemMenuController), 'add')
#6 D:\project\ai-services\vendor\laravel\framework\║
║ src\Illuminate\Routing\Route.php(204): Illuminate\Routing\Route->runController()
#7 D:\project\ai-services\vendor\lar║
║ avel\framework\src\Illuminate\Routing\Router.php(721): Illuminate\Routing\Route->run()
#8 D:\project\ai-services\vend║
║ or\laravel\framework\src\Illuminate\Pipeline\Pipeline.php(128): Illuminate\Routing\Router->Illuminate\Routing\{closur║
║ e}(Object(Illuminate\Http\Request))
#9 D:\project\ai-services\app\Http\Middleware\AdminMiddleware.php(38): Illuminate║
║ \Pipeline\Pipeline->Illuminate\Pipeline\{closure}(Object(Illuminate\Http\Request))
#10 D:\project\ai-services\vendor\║
║ laravel\framework\src\Illuminate\Pipeline\Pipeline.php(167): App\Http\Middleware\AdminMiddleware->handle(Object(Illum║
║ inate\Http\Request), Object(Closure))
#11 D:\project\ai-services\vendor\laravel\framework\src\Illuminate\Routing\Midd║
║ leware\SubstituteBindings.php(50): Illuminate\Pipeline\Pipeline->Illuminate\Pipeline\{closure}(Object(Illuminate\Http║
║ \Request))
#12 D:\project\ai-services\vendor\laravel\framework\src\Illuminate\Pipeline\Pipeline.php(167): Illuminate\║
║ Routing\Middleware\SubstituteBindings->handle(Object(Illuminate\Http\Request), Object(Closure))
#13 D:\project\ai-ser║
║ vices\vendor\laravel\framework\src\Illuminate\Pipeline\Pipeline.php(103): Illuminate\Pipeline\Pipeline->Illuminate\Pi║
║ peline\{closure}(Object(Illuminate\Http\Request))
#14 D:\project\ai-services\vendor\laravel\framework\src\Illuminate\║
║ Routing\Router.php(723): Illuminate\Pipeline\Pipeline->then(Object(Closure))
#15 D:\project\ai-services\vendor\larave║
║ l\framework\src\Illuminate\Routing\Router.php(698): Illuminate\Routing\Router->runRouteWithinStack(Object(Illuminate\║
║ Routing\Route), Object(Illuminate\Http\Request))
#16 D:\project\ai-services\vendor\laravel\framework\src\Illuminate\R║
║ outing\Router.php(662): Illuminate\Routing\Router->runRoute(Object(Illuminate\Http\Request), Object(Illuminate\Routin║
║ g\Route))
#17 D:\project\ai-services\vendor\laravel\framework\src\Illuminate\Routing\Router.php(651): Illuminate\Rout║
║ ing\Router->dispatchToRoute(Object(Illuminate\Http\Request))
#18 D:\project\ai-services\vendor\laravel\framework\src\║
║ Illuminate\Foundation\Http\Kernel.php(167): Illuminate\Routing\Router->dispatch(Object(Illuminate\Http\Request))
#19 ║
║ D:\project\ai-services\vendor\laravel\framework\src\Illuminate\Pipeline\Pipeline.php(128): Illuminate\Foundation\Http║
║ \Kernel->Illuminate\Foundation\Http\{closure}(Object(Illuminate\Http\Request))
#20 D:\project\ai-services\vendor\lara║
║ vel\framework\src\Illuminate\Foundation\Http\Middleware\TransformsRequest.php(21): Illuminate\Pipeline\Pipeline->Illu║
║ minate\Pipeline\{closure}(Object(Illuminate\Http\Request))
#21 D:\project\ai-services\vendor\laravel\framework\src\Il║
║ luminate\Foundation\Http\Middleware\ConvertEmptyStringsToNull.php(31): Illuminate\Foundation\Http\Middleware\Transfor║
║ msRequest->handle(Object(Illuminate\Http\Request), Object(Closure))
#22 D:\project\ai-services\vendor\laravel\framewo║
║ rk\src\Illuminate\Pipeline\Pipeline.php(167): Illuminate\Foundation\Http\Middleware\ConvertEmptyStringsToNull->handle║
║ (Object(Illuminate\Http\Request), Object(Closure))
#23 D:\project\ai-services\vendor\laravel\framework\src\Illuminate║
║ \Foundation\Http\Middleware\TransformsRequest.php(21): Illuminate\Pipeline\Pipeline->Illuminate\Pipeline\{closure}(Ob║
║ ject(Illuminate\Http\Request))
#24 D:\project\ai-services\vendor\laravel\framework\src\Illuminate\Foundation\Http\Mid║
║ dleware\TrimStrings.php(40): Illuminate\Foundation\Http\Middleware\TransformsRequest->handle(Object(Illuminate\Http\R║
║ equest), Object(Closure))
#25 D:\project\ai-services\vendor\laravel\framework\src\Illuminate\Pipeline\Pipeline.php(16║
║ 7): Illuminate\Foundation\Http\Middleware\TrimStrings->handle(Object(Illuminate\Http\Request), Object(Closure))
#26 D║
║ :\project\ai-services\vendor\laravel\framework\src\Illuminate\Foundation\Http\Middleware\ValidatePostSize.php(27): Il║
║ luminate\Pipeline\Pipeline->Illuminate\Pipeline\{closure}(Object(Illuminate\Http\Request))
#27 D:\project\ai-services║
║ \vendor\laravel\framework\src\Illuminate\Pipeline\Pipeline.php(167): Illuminate\Foundation\Http\Middleware\ValidatePo║
║ stSize->handle(Object(Illuminate\Http\Request), Object(Closure))
#28 D:\project\ai-services\vendor\laravel\framework\║
║ src\Illuminate\Foundation\Http\Middleware\PreventRequestsDuringMaintenance.php(86): Illuminate\Pipeline\Pipeline->Ill║
║ uminate\Pipeline\{closure}(Object(Illuminate\Http\Request))
#29 D:\project\ai-services\vendor\laravel\framework\src\I║
║ lluminate\Pipeline\Pipeline.php(167): Illuminate\Foundation\Http\Middleware\PreventRequestsDuringMaintenance->handle(║
║ Object(Illuminate\Http\Request), Object(Closure))
#30 D:\project\ai-services\vendor\laravel\framework\src\Illuminate\║
║ Http\Middleware\TrustProxies.php(39): Illuminate\Pipeline\Pipeline->Illuminate\Pipeline\{closure}(Object(Illuminate\H║
║ ttp\Request))
#31 D:\project\ai-services\vendor\laravel\framework\src\Illuminate\Pipeline\Pipeline.php(167): Illumina║
║ te\Http\Middleware\TrustProxies->handle(Object(Illuminate\Http\Request), Object(Closure))
#32 D:\project\ai-services\║
║ vendor\laravel\framework\src\Illuminate\Pipeline\Pipeline.php(103): Illuminate\Pipeline\Pipeline->Illuminate\Pipeline║
║ \{closure}(Object(Illuminate\Http\Request))
#33 D:\project\ai-services\vendor\laravel\framework\src\Illuminate\Founda║
║ tion\Http\Kernel.php(142): Illuminate\Pipeline\Pipeline->then(Object(Closure))
#34 D:\project\ai-services\vendor\lara║
║ vel\framework\src\Illuminate\Foundation\Http\Kernel.php(111): Illuminate\Foundation\Http\Kernel->sendRequestThroughRo║
║ uter(Object(Illuminate\Http\Request))
#35 D:\project\ai-services\public\index.php(52): Illuminate\Foundation\Http\Ker║
║ nel->handle(Object(Illuminate\Http\Request))
#36 {main}                                                              ║
║     ↳ Location: \app\Services\Admin\SystemMenuService.php:116                                                        ║
║     ↳ Time: 2025-07-30 15:33:10.850 (91.24ms)                                                                        ║
║══════════════════════════════════════════════════════════════════════════════════════════════════════════════════════║
║ RESPONSE SUMMARY ═════════════════════════════════════════════════════════════════════════════════════════════════════║
║  Total time: 0.00ms                                                                                                  ║
║  Longest duration: 0.00ms (方法: )                                                                                     ║
║  Request ID: 01490093-0793-4360-bd76-975f289fe35e                                                                    ║
║  Manual logs: 0                                                                                                      ║
║ End time: 2025-07-30 15:33:10.851                                                                                   ║
║══════════════════════════════════════════════════════════════════════════════════════════════════════════════════════║
╬════════════════════════════════════════════════════════════════════════════════════════════════════════════════════════════════════════════════════════════════════════════════════════════════════════╬  
[2025-07-30 16:57:38] local.INFO: ╬════════════════════════════════════════════════════════════════════════════════════════════════════════════════════════════════════════════════════════════════════════════════════════════════════════╬
║ REQUEST ROUTE ═══════════════════════════════════════════════════════════════════════════════════════════════════════║
║ URL:                 POST http://localhost:8918/admin/system/menu/add                                              ║
║ Time:                2025-07-30 16:57:38.231                                                                       ║
║ Parameters:          {"name":"111111","permission":"","type":"1","sort":"111","parent_id":"0","path":"\/","icon":"ep:avatar","component":"","component_name":"","status":"0","visible":"1","keep_alive":"1","always_show":"1","request_id":"20604737-5851-4902-aa63-5eac89e73d0e"}║
║══════════════════════════════════════════════════════════════════════════════════════════════════════════════════════║
║ EXECUTION FLOW ═══════════════════════════════════════════════════════════════════════════════════════════════════════║
║ 🚀     【App\Services\Admin\SystemMenuService::add】                                                                      ║
║     ↳ Params: [{"name":"111111","permission":"","type":"1","sort":"111","parent_id":"0","path":"\/","icon":"ep:avatar║
║ ","component":"","component_name":"","status":"0","visible":"1","keep_alive":"1","always_show":"1"}]                 ║
║     ↳ Time: 2025-07-30 16:57:38.093                                                                                  ║
║     ↳ Result: []                                                                                                     ║
║     ↳ End: >>> 2025-07-30 16:57:38.231 <<< (⚠️ 137.32ms)                                                             ║
║══════════════════════════════════════════════════════════════════════════════════════════════════════════════════════║
║ RESPONSE SUMMARY ═════════════════════════════════════════════════════════════════════════════════════════════════════║
║  Total time: 137.32ms                                                                                                ║
║  Longest duration: 137.32ms (方法: App\Services\Admin\SystemMenuService::add)                                          ║
║  Request ID: 20604737-5851-4902-aa63-5eac89e73d0e                                                                    ║
║  Manual logs: 0                                                                                                      ║
║ End time: 2025-07-30 16:57:38.231                                                                                   ║
║══════════════════════════════════════════════════════════════════════════════════════════════════════════════════════║
╬════════════════════════════════════════════════════════════════════════════════════════════════════════════════════════════════════════════════════════════════════════════════════════════════════════╬  
