[2025-08-01 09:36:24] local.ERROR: ╬════════════════════════════════════════════════════════════════════════════════════════════════════════════════════════╬
║ EXCEPTION LOG ═══════════════════════════════════════════════════════════════════════════════════════════════════════
║ ⛔ [App\Exceptions\BusinessException]       ℹ️ 2025-08-01 09:36:24.612 ℹ️ ID: 306a7ad6-c0aa-4646-874f-5f45bd4dcee0 ║
║══════════════════════════════════════════════════════════════════════════════════════════════════════════════════════║
║ ℹ️ REQUEST INFO ════════════════════════════════════════════════════════════════════════════════════════════════════║
║ Request URL    : POST http://localhost:8918/admin/system/menu/add                                                    ║
║ Client IP      : 127.0.0.1                                                                                           ║
║ User Agent     : Apifox/1.0.0 (https://apifox.com)                                                                   ║
║ Request Params : {"id":"2103","name":"\u6d88\u606f\u7ba1\u7406","permission":"","type":"2","sort":"5","parentId":"208║
║ 4","path":"message","icon":"ep:message","component":"mp\/message\/index","componentName":"MpMessage","status":"0","vi║
║ sible":"1","keepAlive":"1","alwaysShow":"1","createTime":"1673174659000"}                                            ║
║ ⛔ EXCEPTION INFO ══════════════════════════════════════════════════════════════════════════════════════════════════║
║ Exception Code : 0                                                                                                   ║
║ Error Message  : App\Exceptions\BusinessException: 菜单类型 必须为布尔值。 in D:\project\ai-services\app\Services\Admin\SystemMe║
║ nuService.php:63
Stack trace:
#0 [internal function]: App\Services\Admin\SystemMenuService->add(Array)
#1 D:\project\║
║ ai-services\app\Helpers\AopProxy.php(55): call_user_func_array(Array, Array)
#2 D:\project\ai-services\app\Http\Contr║
║ ollers\Admin\SystemMenuController.php(46): class@anonymous->__call('add', Array)
#3 D:\project\ai-services\vendor\lar║
║ avel\framework\src\Illuminate\Routing\Controller.php(54): App\Http\Controllers\Admin\SystemMenuController->add(Object║
║ (Illuminate\Http\Request))
#4 D:\project\ai-services\vendor\laravel\framework\src\Illuminate\Routing\ControllerDispat║
║ cher.php(45): Illuminate\Routing\Controller->callAction('add', Array)
#5 D:\project\ai-services\vendor\laravel\framew║
║ ork\src\Illuminate\Routing\Route.php(261): Illuminate\Routing\ControllerDispatcher->dispatch(Object(Illuminate\Routin║
║ g\Route), Object(App\Http\Controllers\Admin\SystemMenuController), 'add')
#6 D:\project\ai-services\vendor\laravel\fr║
║ amework\src\Illuminate\Routing\Route.php(204): Illuminate\Routing\Route->runController()
#7 D:\project\ai-services\ve║
║ ndor\laravel\framework\src\Illuminate\Routing\Router.php(721): Illuminate\Routing\Route->run()
#8 D:\project\ai-servi║
║ ces\vendor\laravel\framework\src\Illuminate\Pipeline\Pipeline.php(128): Illuminate\Routing\Router->Illuminate\Routing║
║ \{closure}(Object(Illuminate\Http\Request))
#9 D:\project\ai-services\app\Http\Middleware\AdminMiddleware.php(38): Il║
║ luminate\Pipeline\Pipeline->Illuminate\Pipeline\{closure}(Object(Illuminate\Http\Request))
#10 D:\project\ai-services║
║ \vendor\laravel\framework\src\Illuminate\Pipeline\Pipeline.php(167): App\Http\Middleware\AdminMiddleware->handle(Obje║
║ ct(Illuminate\Http\Request), Object(Closure))
#11 D:\project\ai-services\vendor\laravel\framework\src\Illuminate\Rout║
║ ing\Middleware\SubstituteBindings.php(50): Illuminate\Pipeline\Pipeline->Illuminate\Pipeline\{closure}(Object(Illumin║
║ ate\Http\Request))
#12 D:\project\ai-services\vendor\laravel\framework\src\Illuminate\Pipeline\Pipeline.php(167): Ill║
║ uminate\Routing\Middleware\SubstituteBindings->handle(Object(Illuminate\Http\Request), Object(Closure))
#13 D:\projec║
║ t\ai-services\vendor\laravel\framework\src\Illuminate\Pipeline\Pipeline.php(103): Illuminate\Pipeline\Pipeline->Illum║
║ inate\Pipeline\{closure}(Object(Illuminate\Http\Request))
#14 D:\project\ai-services\vendor\laravel\framework\src\Ill║
║ uminate\Routing\Router.php(723): Illuminate\Pipeline\Pipeline->then(Object(Closure))
#15 D:\project\ai-services\vendo║
║ r\laravel\framework\src\Illuminate\Routing\Router.php(698): Illuminate\Routing\Router->runRouteWithinStack(Object(Ill║
║ uminate\Routing\Route), Object(Illuminate\Http\Request))
#16 D:\project\ai-services\vendor\laravel\framework\src\Illu║
║ minate\Routing\Router.php(662): Illuminate\Routing\Router->runRoute(Object(Illuminate\Http\Request), Object(Illuminat║
║ e\Routing\Route))
#17 D:\project\ai-services\vendor\laravel\framework\src\Illuminate\Routing\Router.php(651): Illumin║
║ ate\Routing\Router->dispatchToRoute(Object(Illuminate\Http\Request))
#18 D:\project\ai-services\vendor\laravel\framew║
║ ork\src\Illuminate\Foundation\Http\Kernel.php(167): Illuminate\Routing\Router->dispatch(Object(Illuminate\Http\Reques║
║ t))
#19 D:\project\ai-services\vendor\laravel\framework\src\Illuminate\Pipeline\Pipeline.php(128): Illuminate\Foundat║
║ ion\Http\Kernel->Illuminate\Foundation\Http\{closure}(Object(Illuminate\Http\Request))
#20 D:\project\ai-services\ven║
║ dor\laravel\framework\src\Illuminate\Foundation\Http\Middleware\TransformsRequest.php(21): Illuminate\Pipeline\Pipeli║
║ ne->Illuminate\Pipeline\{closure}(Object(Illuminate\Http\Request))
#21 D:\project\ai-services\vendor\laravel\framewor║
║ k\src\Illuminate\Foundation\Http\Middleware\ConvertEmptyStringsToNull.php(31): Illuminate\Foundation\Http\Middleware\║
║ TransformsRequest->handle(Object(Illuminate\Http\Request), Object(Closure))
#22 D:\project\ai-services\vendor\laravel║
║ \framework\src\Illuminate\Pipeline\Pipeline.php(167): Illuminate\Foundation\Http\Middleware\ConvertEmptyStringsToNull║
║ ->handle(Object(Illuminate\Http\Request), Object(Closure))
#23 D:\project\ai-services\vendor\laravel\framework\src\Il║
║ luminate\Foundation\Http\Middleware\TransformsRequest.php(21): Illuminate\Pipeline\Pipeline->Illuminate\Pipeline\{clo║
║ sure}(Object(Illuminate\Http\Request))
#24 D:\project\ai-services\vendor\laravel\framework\src\Illuminate\Foundation\║
║ Http\Middleware\TrimStrings.php(40): Illuminate\Foundation\Http\Middleware\TransformsRequest->handle(Object(Illuminat║
║ e\Http\Request), Object(Closure))
#25 D:\project\ai-services\vendor\laravel\framework\src\Illuminate\Pipeline\Pipelin║
║ e.php(167): Illuminate\Foundation\Http\Middleware\TrimStrings->handle(Object(Illuminate\Http\Request), Object(Closure║
║ ))
#26 D:\project\ai-services\vendor\laravel\framework\src\Illuminate\Foundation\Http\Middleware\ValidatePostSize.php║
║ (27): Illuminate\Pipeline\Pipeline->Illuminate\Pipeline\{closure}(Object(Illuminate\Http\Request))
#27 D:\project\ai-║
║ services\vendor\laravel\framework\src\Illuminate\Pipeline\Pipeline.php(167): Illuminate\Foundation\Http\Middleware\Va║
║ lidatePostSize->handle(Object(Illuminate\Http\Request), Object(Closure))
#28 D:\project\ai-services\vendor\laravel\fr║
║ amework\src\Illuminate\Foundation\Http\Middleware\PreventRequestsDuringMaintenance.php(86): Illuminate\Pipeline\Pipel║
║ ine->Illuminate\Pipeline\{closure}(Object(Illuminate\Http\Request))
#29 D:\project\ai-services\vendor\laravel\framewo║
║ rk\src\Illuminate\Pipeline\Pipeline.php(167): Illuminate\Foundation\Http\Middleware\PreventRequestsDuringMaintenance-║
║ >handle(Object(Illuminate\Http\Request), Object(Closure))
#30 D:\project\ai-services\vendor\laravel\framework\src\Ill║
║ uminate\Http\Middleware\TrustProxies.php(39): Illuminate\Pipeline\Pipeline->Illuminate\Pipeline\{closure}(Object(Illu║
║ minate\Http\Request))
#31 D:\project\ai-services\vendor\laravel\framework\src\Illuminate\Pipeline\Pipeline.php(167): ║
║ Illuminate\Http\Middleware\TrustProxies->handle(Object(Illuminate\Http\Request), Object(Closure))
#32 D:\project\ai-s║
║ ervices\vendor\laravel\framework\src\Illuminate\Pipeline\Pipeline.php(103): Illuminate\Pipeline\Pipeline->Illuminate\║
║ Pipeline\{closure}(Object(Illuminate\Http\Request))
#33 D:\project\ai-services\vendor\laravel\framework\src\Illuminat║
║ e\Foundation\Http\Kernel.php(142): Illuminate\Pipeline\Pipeline->then(Object(Closure))
#34 D:\project\ai-services\ven║
║ dor\laravel\framework\src\Illuminate\Foundation\Http\Kernel.php(111): Illuminate\Foundation\Http\Kernel->sendRequestT║
║ hroughRouter(Object(Illuminate\Http\Request))
#35 D:\project\ai-services\public\index.php(52): Illuminate\Foundation\║
║ Http\Kernel->handle(Object(Illuminate\Http\Request))
#36 {main}                                                      ║
║ Location       : \app\Services\Admin\SystemMenuService.php:97                                                        ║
║ Environment    : local                                                                                               ║
║ STACK TRACE ═════════════════════════════════════════════════════════════════════════════════════════════════════════║
║ ║ #00 App\Services\Admin\SystemMenuService->add() in :0                                                              ║
║ ║ #01 class@anonymous D:\project\ai-services\app\Helpers\AopProxy.php:25$15e->__call() in \app\Http\Controllers\Admin║
║ \SystemMenuController.php:46                                                                                         ║
║ ║ #02 App\Http\Controllers\Admin\SystemMenuController->add() in \vendor\laravel\framework\src\Illuminate\Routing\Cont║
║ roller.php:54                                                                                                        ║
║ ║ #03 Illuminate\Routing\Controller->callAction() in \vendor\laravel\framework\src\Illuminate\Routing\ControllerDispa║
║ tcher.php:45                                                                                                         ║
║
║ END OF LOG ══════════════════════════════════════════════════════════════════════════════════════════════════════════║
╬════════════════════════════════════════════════════════════════════════════════════════════════════════════════════════╬  
[2025-08-01 09:38:24] local.ERROR: ╬════════════════════════════════════════════════════════════════════════════════════════════════════════════════════════╬
║ EXCEPTION LOG ═══════════════════════════════════════════════════════════════════════════════════════════════════════
║ ⛔ [App\Exceptions\BusinessException]       ℹ️ 2025-08-01 09:38:24.605 ℹ️ ID: 306a1c8c-f0bf-4b5c-a310-bec1e2ac819c ║
║══════════════════════════════════════════════════════════════════════════════════════════════════════════════════════║
║ ℹ️ REQUEST INFO ════════════════════════════════════════════════════════════════════════════════════════════════════║
║ Request URL    : POST http://localhost:8918/admin/system/menu/add                                                    ║
║ Client IP      : 127.0.0.1                                                                                           ║
║ User Agent     : Apifox/1.0.0 (https://apifox.com)                                                                   ║
║ Request Params : {"id":"2103","name":"\u6d88\u606f\u7ba1\u7406","permission":"","type":"2","sort":"5","parentId":"208║
║ 4","path":"message","icon":"ep:message","component":"mp\/message\/index","componentName":"MpMessage","status":"0","vi║
║ sible":"1","keepAlive":"1","alwaysShow":"1","createTime":"1673174659000"}                                            ║
║ ⛔ EXCEPTION INFO ══════════════════════════════════════════════════════════════════════════════════════════════════║
║ Exception Code : 0                                                                                                   ║
║ Error Message  : App\Exceptions\BusinessException: 菜单类型 必须为布尔值。 in D:\project\ai-services\app\Services\Admin\SystemMe║
║ nuService.php:63
Stack trace:
#0 [internal function]: App\Services\Admin\SystemMenuService->add(Array)
#1 D:\project\║
║ ai-services\app\Helpers\AopProxy.php(55): call_user_func_array(Array, Array)
#2 D:\project\ai-services\app\Http\Contr║
║ ollers\Admin\SystemMenuController.php(46): class@anonymous->__call('add', Array)
#3 D:\project\ai-services\vendor\lar║
║ avel\framework\src\Illuminate\Routing\Controller.php(54): App\Http\Controllers\Admin\SystemMenuController->add(Object║
║ (Illuminate\Http\Request))
#4 D:\project\ai-services\vendor\laravel\framework\src\Illuminate\Routing\ControllerDispat║
║ cher.php(45): Illuminate\Routing\Controller->callAction('add', Array)
#5 D:\project\ai-services\vendor\laravel\framew║
║ ork\src\Illuminate\Routing\Route.php(261): Illuminate\Routing\ControllerDispatcher->dispatch(Object(Illuminate\Routin║
║ g\Route), Object(App\Http\Controllers\Admin\SystemMenuController), 'add')
#6 D:\project\ai-services\vendor\laravel\fr║
║ amework\src\Illuminate\Routing\Route.php(204): Illuminate\Routing\Route->runController()
#7 D:\project\ai-services\ve║
║ ndor\laravel\framework\src\Illuminate\Routing\Router.php(721): Illuminate\Routing\Route->run()
#8 D:\project\ai-servi║
║ ces\vendor\laravel\framework\src\Illuminate\Pipeline\Pipeline.php(128): Illuminate\Routing\Router->Illuminate\Routing║
║ \{closure}(Object(Illuminate\Http\Request))
#9 D:\project\ai-services\app\Http\Middleware\AdminMiddleware.php(38): Il║
║ luminate\Pipeline\Pipeline->Illuminate\Pipeline\{closure}(Object(Illuminate\Http\Request))
#10 D:\project\ai-services║
║ \vendor\laravel\framework\src\Illuminate\Pipeline\Pipeline.php(167): App\Http\Middleware\AdminMiddleware->handle(Obje║
║ ct(Illuminate\Http\Request), Object(Closure))
#11 D:\project\ai-services\vendor\laravel\framework\src\Illuminate\Rout║
║ ing\Middleware\SubstituteBindings.php(50): Illuminate\Pipeline\Pipeline->Illuminate\Pipeline\{closure}(Object(Illumin║
║ ate\Http\Request))
#12 D:\project\ai-services\vendor\laravel\framework\src\Illuminate\Pipeline\Pipeline.php(167): Ill║
║ uminate\Routing\Middleware\SubstituteBindings->handle(Object(Illuminate\Http\Request), Object(Closure))
#13 D:\projec║
║ t\ai-services\vendor\laravel\framework\src\Illuminate\Pipeline\Pipeline.php(103): Illuminate\Pipeline\Pipeline->Illum║
║ inate\Pipeline\{closure}(Object(Illuminate\Http\Request))
#14 D:\project\ai-services\vendor\laravel\framework\src\Ill║
║ uminate\Routing\Router.php(723): Illuminate\Pipeline\Pipeline->then(Object(Closure))
#15 D:\project\ai-services\vendo║
║ r\laravel\framework\src\Illuminate\Routing\Router.php(698): Illuminate\Routing\Router->runRouteWithinStack(Object(Ill║
║ uminate\Routing\Route), Object(Illuminate\Http\Request))
#16 D:\project\ai-services\vendor\laravel\framework\src\Illu║
║ minate\Routing\Router.php(662): Illuminate\Routing\Router->runRoute(Object(Illuminate\Http\Request), Object(Illuminat║
║ e\Routing\Route))
#17 D:\project\ai-services\vendor\laravel\framework\src\Illuminate\Routing\Router.php(651): Illumin║
║ ate\Routing\Router->dispatchToRoute(Object(Illuminate\Http\Request))
#18 D:\project\ai-services\vendor\laravel\framew║
║ ork\src\Illuminate\Foundation\Http\Kernel.php(167): Illuminate\Routing\Router->dispatch(Object(Illuminate\Http\Reques║
║ t))
#19 D:\project\ai-services\vendor\laravel\framework\src\Illuminate\Pipeline\Pipeline.php(128): Illuminate\Foundat║
║ ion\Http\Kernel->Illuminate\Foundation\Http\{closure}(Object(Illuminate\Http\Request))
#20 D:\project\ai-services\ven║
║ dor\laravel\framework\src\Illuminate\Foundation\Http\Middleware\TransformsRequest.php(21): Illuminate\Pipeline\Pipeli║
║ ne->Illuminate\Pipeline\{closure}(Object(Illuminate\Http\Request))
#21 D:\project\ai-services\vendor\laravel\framewor║
║ k\src\Illuminate\Foundation\Http\Middleware\ConvertEmptyStringsToNull.php(31): Illuminate\Foundation\Http\Middleware\║
║ TransformsRequest->handle(Object(Illuminate\Http\Request), Object(Closure))
#22 D:\project\ai-services\vendor\laravel║
║ \framework\src\Illuminate\Pipeline\Pipeline.php(167): Illuminate\Foundation\Http\Middleware\ConvertEmptyStringsToNull║
║ ->handle(Object(Illuminate\Http\Request), Object(Closure))
#23 D:\project\ai-services\vendor\laravel\framework\src\Il║
║ luminate\Foundation\Http\Middleware\TransformsRequest.php(21): Illuminate\Pipeline\Pipeline->Illuminate\Pipeline\{clo║
║ sure}(Object(Illuminate\Http\Request))
#24 D:\project\ai-services\vendor\laravel\framework\src\Illuminate\Foundation\║
║ Http\Middleware\TrimStrings.php(40): Illuminate\Foundation\Http\Middleware\TransformsRequest->handle(Object(Illuminat║
║ e\Http\Request), Object(Closure))
#25 D:\project\ai-services\vendor\laravel\framework\src\Illuminate\Pipeline\Pipelin║
║ e.php(167): Illuminate\Foundation\Http\Middleware\TrimStrings->handle(Object(Illuminate\Http\Request), Object(Closure║
║ ))
#26 D:\project\ai-services\vendor\laravel\framework\src\Illuminate\Foundation\Http\Middleware\ValidatePostSize.php║
║ (27): Illuminate\Pipeline\Pipeline->Illuminate\Pipeline\{closure}(Object(Illuminate\Http\Request))
#27 D:\project\ai-║
║ services\vendor\laravel\framework\src\Illuminate\Pipeline\Pipeline.php(167): Illuminate\Foundation\Http\Middleware\Va║
║ lidatePostSize->handle(Object(Illuminate\Http\Request), Object(Closure))
#28 D:\project\ai-services\vendor\laravel\fr║
║ amework\src\Illuminate\Foundation\Http\Middleware\PreventRequestsDuringMaintenance.php(86): Illuminate\Pipeline\Pipel║
║ ine->Illuminate\Pipeline\{closure}(Object(Illuminate\Http\Request))
#29 D:\project\ai-services\vendor\laravel\framewo║
║ rk\src\Illuminate\Pipeline\Pipeline.php(167): Illuminate\Foundation\Http\Middleware\PreventRequestsDuringMaintenance-║
║ >handle(Object(Illuminate\Http\Request), Object(Closure))
#30 D:\project\ai-services\vendor\laravel\framework\src\Ill║
║ uminate\Http\Middleware\TrustProxies.php(39): Illuminate\Pipeline\Pipeline->Illuminate\Pipeline\{closure}(Object(Illu║
║ minate\Http\Request))
#31 D:\project\ai-services\vendor\laravel\framework\src\Illuminate\Pipeline\Pipeline.php(167): ║
║ Illuminate\Http\Middleware\TrustProxies->handle(Object(Illuminate\Http\Request), Object(Closure))
#32 D:\project\ai-s║
║ ervices\vendor\laravel\framework\src\Illuminate\Pipeline\Pipeline.php(103): Illuminate\Pipeline\Pipeline->Illuminate\║
║ Pipeline\{closure}(Object(Illuminate\Http\Request))
#33 D:\project\ai-services\vendor\laravel\framework\src\Illuminat║
║ e\Foundation\Http\Kernel.php(142): Illuminate\Pipeline\Pipeline->then(Object(Closure))
#34 D:\project\ai-services\ven║
║ dor\laravel\framework\src\Illuminate\Foundation\Http\Kernel.php(111): Illuminate\Foundation\Http\Kernel->sendRequestT║
║ hroughRouter(Object(Illuminate\Http\Request))
#35 D:\project\ai-services\public\index.php(52): Illuminate\Foundation\║
║ Http\Kernel->handle(Object(Illuminate\Http\Request))
#36 {main}                                                      ║
║ Location       : \app\Services\Admin\SystemMenuService.php:97                                                        ║
║ Environment    : local                                                                                               ║
║ STACK TRACE ═════════════════════════════════════════════════════════════════════════════════════════════════════════║
║ ║ #00 App\Services\Admin\SystemMenuService->add() in :0                                                              ║
║ ║ #01 class@anonymous D:\project\ai-services\app\Helpers\AopProxy.php:25$4d3b->__call() in \app\Http\Controllers\Admi║
║ n\SystemMenuController.php:46                                                                                        ║
║ ║ #02 App\Http\Controllers\Admin\SystemMenuController->add() in \vendor\laravel\framework\src\Illuminate\Routing\Cont║
║ roller.php:54                                                                                                        ║
║ ║ #03 Illuminate\Routing\Controller->callAction() in \vendor\laravel\framework\src\Illuminate\Routing\ControllerDispa║
║ tcher.php:45                                                                                                         ║
║
║ END OF LOG ══════════════════════════════════════════════════════════════════════════════════════════════════════════║
╬════════════════════════════════════════════════════════════════════════════════════════════════════════════════════════╬  
[2025-08-01 09:54:35] local.ERROR: ╬════════════════════════════════════════════════════════════════════════════════════════════════════════════════════════╬
║ EXCEPTION LOG ═══════════════════════════════════════════════════════════════════════════════════════════════════════
║ ⛔ [Exception]                              ℹ️ 2025-08-01 09:54:35.421 ℹ️ ID: 3f39602a-aadd-4c26-8c7a-37b2857992a7 ║
║══════════════════════════════════════════════════════════════════════════════════════════════════════════════════════║
║ ℹ️ REQUEST INFO ════════════════════════════════════════════════════════════════════════════════════════════════════║
║ Request URL    : POST http://localhost:8918/admin/system/menu/add                                                    ║
║ Client IP      : 127.0.0.1                                                                                           ║
║ User Agent     : Apifox/1.0.0 (https://apifox.com)                                                                   ║
║ Request Params : {"id":"2103","name":"\u6d88\u606f\u7ba1\u7406","permission":"","type":"2","sort":"5","parentId":"208║
║ 4","path":"message","icon":"ep:message","component":"mp\/message\/index","componentName":"MpMessage","status":"0","vi║
║ sible":"1","keepAlive":"1","alwaysShow":"1","createTime":"1673174659000"}                                            ║
║ ⛔ EXCEPTION INFO ══════════════════════════════════════════════════════════════════════════════════════════════════║
║ Exception Code : 0                                                                                                   ║
║ Error Message  : ErrorException: Undefined array key "parent_id" in D:\project\ai-services\app\Services\Admin\SystemM║
║ enuService.php:131
Stack trace:
#0 D:\project\ai-services\vendor\laravel\framework\src\Illuminate\Foundation\Bootstra║
║ p\HandleExceptions.php(228): Illuminate\Foundation\Bootstrap\HandleExceptions->handleError(2, 'Undefined array...', '║
║ D:\\project\\ai-s...', 131)
#1 D:\project\ai-services\app\Services\Admin\SystemMenuService.php(131): Illuminate\Found║
║ ation\Bootstrap\HandleExceptions->Illuminate\Foundation\Bootstrap\{closure}(2, 'Undefined array...', 'D:\\project\\ai║
║ -s...', 131)
#2 D:\project\ai-services\app\Services\Admin\SystemMenuService.php(66): App\Services\Admin\SystemMenuSer║
║ vice->validatedMenu(Array)
#3 [internal function]: App\Services\Admin\SystemMenuService->add(Array)
#4 D:\project\ai-║
║ services\app\Helpers\AopProxy.php(55): call_user_func_array(Array, Array)
#5 D:\project\ai-services\app\Http\Controll║
║ ers\Admin\SystemMenuController.php(46): class@anonymous->__call('add', Array)
#6 D:\project\ai-services\vendor\larave║
║ l\framework\src\Illuminate\Routing\Controller.php(54): App\Http\Controllers\Admin\SystemMenuController->add(Object(Il║
║ luminate\Http\Request))
#7 D:\project\ai-services\vendor\laravel\framework\src\Illuminate\Routing\ControllerDispatche║
║ r.php(45): Illuminate\Routing\Controller->callAction('add', Array)
#8 D:\project\ai-services\vendor\laravel\framework║
║ \src\Illuminate\Routing\Route.php(261): Illuminate\Routing\ControllerDispatcher->dispatch(Object(Illuminate\Routing\R║
║ oute), Object(App\Http\Controllers\Admin\SystemMenuController), 'add')
#9 D:\project\ai-services\vendor\laravel\frame║
║ work\src\Illuminate\Routing\Route.php(204): Illuminate\Routing\Route->runController()
#10 D:\project\ai-services\vend║
║ or\laravel\framework\src\Illuminate\Routing\Router.php(721): Illuminate\Routing\Route->run()
#11 D:\project\ai-servic║
║ es\vendor\laravel\framework\src\Illuminate\Pipeline\Pipeline.php(128): Illuminate\Routing\Router->Illuminate\Routing\║
║ {closure}(Object(Illuminate\Http\Request))
#12 D:\project\ai-services\app\Http\Middleware\AdminMiddleware.php(38): Il║
║ luminate\Pipeline\Pipeline->Illuminate\Pipeline\{closure}(Object(Illuminate\Http\Request))
#13 D:\project\ai-services║
║ \vendor\laravel\framework\src\Illuminate\Pipeline\Pipeline.php(167): App\Http\Middleware\AdminMiddleware->handle(Obje║
║ ct(Illuminate\Http\Request), Object(Closure))
#14 D:\project\ai-services\vendor\laravel\framework\src\Illuminate\Rout║
║ ing\Middleware\SubstituteBindings.php(50): Illuminate\Pipeline\Pipeline->Illuminate\Pipeline\{closure}(Object(Illumin║
║ ate\Http\Request))
#15 D:\project\ai-services\vendor\laravel\framework\src\Illuminate\Pipeline\Pipeline.php(167): Ill║
║ uminate\Routing\Middleware\SubstituteBindings->handle(Object(Illuminate\Http\Request), Object(Closure))
#16 D:\projec║
║ t\ai-services\vendor\laravel\framework\src\Illuminate\Pipeline\Pipeline.php(103): Illuminate\Pipeline\Pipeline->Illum║
║ inate\Pipeline\{closure}(Object(Illuminate\Http\Request))
#17 D:\project\ai-services\vendor\laravel\framework\src\Ill║
║ uminate\Routing\Router.php(723): Illuminate\Pipeline\Pipeline->then(Object(Closure))
#18 D:\project\ai-services\vendo║
║ r\laravel\framework\src\Illuminate\Routing\Router.php(698): Illuminate\Routing\Router->runRouteWithinStack(Object(Ill║
║ uminate\Routing\Route), Object(Illuminate\Http\Request))
#19 D:\project\ai-services\vendor\laravel\framework\src\Illu║
║ minate\Routing\Router.php(662): Illuminate\Routing\Router->runRoute(Object(Illuminate\Http\Request), Object(Illuminat║
║ e\Routing\Route))
#20 D:\project\ai-services\vendor\laravel\framework\src\Illuminate\Routing\Router.php(651): Illumin║
║ ate\Routing\Router->dispatchToRoute(Object(Illuminate\Http\Request))
#21 D:\project\ai-services\vendor\laravel\framew║
║ ork\src\Illuminate\Foundation\Http\Kernel.php(167): Illuminate\Routing\Router->dispatch(Object(Illuminate\Http\Reques║
║ t))
#22 D:\project\ai-services\vendor\laravel\framework\src\Illuminate\Pipeline\Pipeline.php(128): Illuminate\Foundat║
║ ion\Http\Kernel->Illuminate\Foundation\Http\{closure}(Object(Illuminate\Http\Request))
#23 D:\project\ai-services\ven║
║ dor\laravel\framework\src\Illuminate\Foundation\Http\Middleware\TransformsRequest.php(21): Illuminate\Pipeline\Pipeli║
║ ne->Illuminate\Pipeline\{closure}(Object(Illuminate\Http\Request))
#24 D:\project\ai-services\vendor\laravel\framewor║
║ k\src\Illuminate\Foundation\Http\Middleware\ConvertEmptyStringsToNull.php(31): Illuminate\Foundation\Http\Middleware\║
║ TransformsRequest->handle(Object(Illuminate\Http\Request), Object(Closure))
#25 D:\project\ai-services\vendor\laravel║
║ \framework\src\Illuminate\Pipeline\Pipeline.php(167): Illuminate\Foundation\Http\Middleware\ConvertEmptyStringsToNull║
║ ->handle(Object(Illuminate\Http\Request), Object(Closure))
#26 D:\project\ai-services\vendor\laravel\framework\src\Il║
║ luminate\Foundation\Http\Middleware\TransformsRequest.php(21): Illuminate\Pipeline\Pipeline->Illuminate\Pipeline\{clo║
║ sure}(Object(Illuminate\Http\Request))
#27 D:\project\ai-services\vendor\laravel\framework\src\Illuminate\Foundation\║
║ Http\Middleware\TrimStrings.php(40): Illuminate\Foundation\Http\Middleware\TransformsRequest->handle(Object(Illuminat║
║ e\Http\Request), Object(Closure))
#28 D:\project\ai-services\vendor\laravel\framework\src\Illuminate\Pipeline\Pipelin║
║ e.php(167): Illuminate\Foundation\Http\Middleware\TrimStrings->handle(Object(Illuminate\Http\Request), Object(Closure║
║ ))
#29 D:\project\ai-services\vendor\laravel\framework\src\Illuminate\Foundation\Http\Middleware\ValidatePostSize.php║
║ (27): Illuminate\Pipeline\Pipeline->Illuminate\Pipeline\{closure}(Object(Illuminate\Http\Request))
#30 D:\project\ai-║
║ services\vendor\laravel\framework\src\Illuminate\Pipeline\Pipeline.php(167): Illuminate\Foundation\Http\Middleware\Va║
║ lidatePostSize->handle(Object(Illuminate\Http\Request), Object(Closure))
#31 D:\project\ai-services\vendor\laravel\fr║
║ amework\src\Illuminate\Foundation\Http\Middleware\PreventRequestsDuringMaintenance.php(86): Illuminate\Pipeline\Pipel║
║ ine->Illuminate\Pipeline\{closure}(Object(Illuminate\Http\Request))
#32 D:\project\ai-services\vendor\laravel\framewo║
║ rk\src\Illuminate\Pipeline\Pipeline.php(167): Illuminate\Foundation\Http\Middleware\PreventRequestsDuringMaintenance-║
║ >handle(Object(Illuminate\Http\Request), Object(Closure))
#33 D:\project\ai-services\vendor\laravel\framework\src\Ill║
║ uminate\Http\Middleware\TrustProxies.php(39): Illuminate\Pipeline\Pipeline->Illuminate\Pipeline\{closure}(Object(Illu║
║ minate\Http\Request))
#34 D:\project\ai-services\vendor\laravel\framework\src\Illuminate\Pipeline\Pipeline.php(167): ║
║ Illuminate\Http\Middleware\TrustProxies->handle(Object(Illuminate\Http\Request), Object(Closure))
#35 D:\project\ai-s║
║ ervices\vendor\laravel\framework\src\Illuminate\Pipeline\Pipeline.php(103): Illuminate\Pipeline\Pipeline->Illuminate\║
║ Pipeline\{closure}(Object(Illuminate\Http\Request))
#36 D:\project\ai-services\vendor\laravel\framework\src\Illuminat║
║ e\Foundation\Http\Kernel.php(142): Illuminate\Pipeline\Pipeline->then(Object(Closure))
#37 D:\project\ai-services\ven║
║ dor\laravel\framework\src\Illuminate\Foundation\Http\Kernel.php(111): Illuminate\Foundation\Http\Kernel->sendRequestT║
║ hroughRouter(Object(Illuminate\Http\Request))
#38 D:\project\ai-services\public\index.php(52): Illuminate\Foundation\║
║ Http\Kernel->handle(Object(Illuminate\Http\Request))
#39 {main}                                                      ║
║ Location       : \app\Services\Admin\SystemMenuService.php:100                                                       ║
║ Environment    : local                                                                                               ║
║ STACK TRACE ═════════════════════════════════════════════════════════════════════════════════════════════════════════║
║ ║ #00 App\Services\Admin\SystemMenuService->add() in :0                                                              ║
║ ║ #01 class@anonymous D:\project\ai-services\app\Helpers\AopProxy.php:25$15e->__call() in \app\Http\Controllers\Admin║
║ \SystemMenuController.php:46                                                                                         ║
║ ║ #02 App\Http\Controllers\Admin\SystemMenuController->add() in \vendor\laravel\framework\src\Illuminate\Routing\Cont║
║ roller.php:54                                                                                                        ║
║ ║ #03 Illuminate\Routing\Controller->callAction() in \vendor\laravel\framework\src\Illuminate\Routing\ControllerDispa║
║ tcher.php:45                                                                                                         ║
║
║ END OF LOG ══════════════════════════════════════════════════════════════════════════════════════════════════════════║
╬════════════════════════════════════════════════════════════════════════════════════════════════════════════════════════╬  
