[2025-07-21 15:49:13] local.ERROR: ╬════════════════════════════════════════════════════════════════════════════════════════════════════════════════════════╬
║ EXCEPTION LOG ═══════════════════════════════════════════════════════════════════════════════════════════════════════
║ ⛔ [Predis\Connection\ConnectionException]  ℹ️ 2025-07-21 15:49:13.518 ℹ️ ID: 5dc1a8d1-d0dd-46cb-910d-71133b467127 ║
║══════════════════════════════════════════════════════════════════════════════════════════════════════════════════════║
║ ℹ️ REQUEST INFO ════════════════════════════════════════════════════════════════════════════════════════════════════║
║ Request URL    : POST http://localhost:8918/auth/register/username                                                   ║
║ Client IP      : 127.0.0.1                                                                                           ║
║ User Agent     : Apifox/1.0.0 (https://apifox.com)                                                                   ║
║ Request Params : {"name":"1111111111"}                                                                               ║
║ ⛔ EXCEPTION INFO ══════════════════════════════════════════════════════════════════════════════════════════════════║
║ Exception Code : 10060                                                                                               ║
║ Error Message  : 由于连接方在一段时间后没有正确答复或连接的主机没有反应，连接尝试失败。 [tcp://10.10.10.6:28232]                                        ║
║ Location       : \vendor\predis\predis\src\Connection\AbstractConnection.php:144                                     ║
║ Environment    : local                                                                                               ║
║ STACK TRACE ═════════════════════════════════════════════════════════════════════════════════════════════════════════║
║ ║ #00 Predis\Connection\AbstractConnection->onConnectionError() in \vendor\predis\predis\src\Connection\StreamConnect║
║ ion.php:130                                                                                                          ║
║ ║ #01 Predis\Connection\StreamConnection->createStreamSocket() in \vendor\predis\predis\src\Connection\StreamConnecti║
║ on.php:175                                                                                                           ║
║ ║ #02 Predis\Connection\StreamConnection->tcpStreamInitializer() in \vendor\predis\predis\src\Connection\StreamConnec║
║ tion.php:89                                                                                                          ║
║ ║ #03 Predis\Connection\StreamConnection->createResource() in \vendor\predis\predis\src\Connection\AbstractConnection║
║ .php:85                                                                                                              ║
║
║ END OF LOG ══════════════════════════════════════════════════════════════════════════════════════════════════════════║
╬════════════════════════════════════════════════════════════════════════════════════════════════════════════════════════╬  
[2025-07-21 15:53:03] local.ERROR: ╬════════════════════════════════════════════════════════════════════════════════════════════════════════════════════════╬
║ EXCEPTION LOG ═══════════════════════════════════════════════════════════════════════════════════════════════════════
║ ⛔ [Predis\Connection\ConnectionException]  ℹ️ 2025-07-21 15:53:03.174 ℹ️ ID: 20d9ad1e-00c3-4521-b593-89d28ab91392 ║
║══════════════════════════════════════════════════════════════════════════════════════════════════════════════════════║
║ ℹ️ REQUEST INFO ════════════════════════════════════════════════════════════════════════════════════════════════════║
║ Request URL    : POST http://localhost:8918/auth/register/username                                                   ║
║ Client IP      : 127.0.0.1                                                                                           ║
║ User Agent     : Apifox/1.0.0 (https://apifox.com)                                                                   ║
║ Request Params : {"name":"1111111111"}                                                                               ║
║ ⛔ EXCEPTION INFO ══════════════════════════════════════════════════════════════════════════════════════════════════║
║ Exception Code : 10061                                                                                               ║
║ Error Message  : 由于目标计算机积极拒绝，无法连接。 [tcp://120.31.71.194:6379]                                                        ║
║ Location       : \vendor\predis\predis\src\Connection\AbstractConnection.php:144                                     ║
║ Environment    : local                                                                                               ║
║ STACK TRACE ═════════════════════════════════════════════════════════════════════════════════════════════════════════║
║ ║ #00 Predis\Connection\AbstractConnection->onConnectionError() in \vendor\predis\predis\src\Connection\StreamConnect║
║ ion.php:130                                                                                                          ║
║ ║ #01 Predis\Connection\StreamConnection->createStreamSocket() in \vendor\predis\predis\src\Connection\StreamConnecti║
║ on.php:175                                                                                                           ║
║ ║ #02 Predis\Connection\StreamConnection->tcpStreamInitializer() in \vendor\predis\predis\src\Connection\StreamConnec║
║ tion.php:89                                                                                                          ║
║ ║ #03 Predis\Connection\StreamConnection->createResource() in \vendor\predis\predis\src\Connection\AbstractConnection║
║ .php:85                                                                                                              ║
║
║ END OF LOG ══════════════════════════════════════════════════════════════════════════════════════════════════════════║
╬════════════════════════════════════════════════════════════════════════════════════════════════════════════════════════╬  
[2025-07-21 15:53:43] local.ERROR: ╬════════════════════════════════════════════════════════════════════════════════════════════════════════════════════════╬
║ EXCEPTION LOG ═══════════════════════════════════════════════════════════════════════════════════════════════════════
║ ⛔ [Predis\Connection\ConnectionException]  ℹ️ 2025-07-21 15:53:43.900 ℹ️ ID: 7b62ee26-deef-4e9e-8613-f915103d69c5 ║
║══════════════════════════════════════════════════════════════════════════════════════════════════════════════════════║
║ ℹ️ REQUEST INFO ════════════════════════════════════════════════════════════════════════════════════════════════════║
║ Request URL    : POST http://localhost:8918/auth/register/username                                                   ║
║ Client IP      : 127.0.0.1                                                                                           ║
║ User Agent     : Apifox/1.0.0 (https://apifox.com)                                                                   ║
║ Request Params : {"name":"1111111111"}                                                                               ║
║ ⛔ EXCEPTION INFO ══════════════════════════════════════════════════════════════════════════════════════════════════║
║ Exception Code : 10061                                                                                               ║
║ Error Message  : 由于目标计算机积极拒绝，无法连接。 [tcp://47.119.17.84:6379]                                                         ║
║ Location       : \vendor\predis\predis\src\Connection\AbstractConnection.php:144                                     ║
║ Environment    : local                                                                                               ║
║ STACK TRACE ═════════════════════════════════════════════════════════════════════════════════════════════════════════║
║ ║ #00 Predis\Connection\AbstractConnection->onConnectionError() in \vendor\predis\predis\src\Connection\StreamConnect║
║ ion.php:130                                                                                                          ║
║ ║ #01 Predis\Connection\StreamConnection->createStreamSocket() in \vendor\predis\predis\src\Connection\StreamConnecti║
║ on.php:175                                                                                                           ║
║ ║ #02 Predis\Connection\StreamConnection->tcpStreamInitializer() in \vendor\predis\predis\src\Connection\StreamConnec║
║ tion.php:89                                                                                                          ║
║ ║ #03 Predis\Connection\StreamConnection->createResource() in \vendor\predis\predis\src\Connection\AbstractConnection║
║ .php:85                                                                                                              ║
║
║ END OF LOG ══════════════════════════════════════════════════════════════════════════════════════════════════════════║
╬════════════════════════════════════════════════════════════════════════════════════════════════════════════════════════╬  
[2025-07-21 15:56:07] local.ERROR: ╬════════════════════════════════════════════════════════════════════════════════════════════════════════════════════════╬
║ EXCEPTION LOG ═══════════════════════════════════════════════════════════════════════════════════════════════════════
║ ⛔ [ArgumentCountError]                     ℹ️ 2025-07-21 15:56:07.464 ℹ️ ID: 584c0478-1fef-4bfe-9811-770fc93a6238 ║
║══════════════════════════════════════════════════════════════════════════════════════════════════════════════════════║
║ ℹ️ REQUEST INFO ════════════════════════════════════════════════════════════════════════════════════════════════════║
║ Request URL    : POST http://localhost:8918/auth/register/username                                                   ║
║ Client IP      : 127.0.0.1                                                                                           ║
║ User Agent     : Apifox/1.0.0 (https://apifox.com)                                                                   ║
║ Request Params : {"name":"1111111111"}                                                                               ║
║ ⛔ EXCEPTION INFO ══════════════════════════════════════════════════════════════════════════════════════════════════║
║ Exception Code : 0                                                                                                   ║
║ Error Message  : Too few arguments to function App\Libraries\Predis::set(), 1 passed in D:\project\ai-services\app\Se║
║ rvices\UsersService.php on line 259 and at least 2 expected                                                          ║
║ Location       : \app\Libraries\Predis.php:61                                                                        ║
║ Environment    : local                                                                                               ║
║ STACK TRACE ═════════════════════════════════════════════════════════════════════════════════════════════════════════║
║ ║ #00 App\Libraries\Predis->set() in \app\Services\UsersService.php:259                                              ║
║ ║ #01 App\Services\UsersService->registerByUsername() in :0                                                          ║
║ ║ #02 class@anonymous D:\project\ai-services\app\Helpers\AopProxy.php:25$159f->__call() in \app\Http\Controllers\Auth║
║ Controller.php:31                                                                                                    ║
║ ║ #03 App\Http\Controllers\OpenApi\AuthController->registerByUsername() in \vendor\laravel\framework\src\Illuminate\Routing\C║
║ ontroller.php:54                                                                                                     ║
║
║ END OF LOG ══════════════════════════════════════════════════════════════════════════════════════════════════════════║
╬════════════════════════════════════════════════════════════════════════════════════════════════════════════════════════╬  
[2025-07-21 15:56:29] local.ERROR: ╬════════════════════════════════════════════════════════════════════════════════════════════════════════════════════════╬
║ EXCEPTION LOG ═══════════════════════════════════════════════════════════════════════════════════════════════════════
║ ⛔ [Exception]                              ℹ️ 2025-07-21 15:56:29.570 ℹ️ ID: b5f6045f-f990-4507-b5e1-e5e8dbeb4200 ║
║══════════════════════════════════════════════════════════════════════════════════════════════════════════════════════║
║ ℹ️ REQUEST INFO ════════════════════════════════════════════════════════════════════════════════════════════════════║
║ Request URL    : POST http://localhost:8918/admin/users/add                                                          ║
║ Client IP      : 127.0.0.1                                                                                           ║
║ User Agent     : Apifox/1.0.0 (https://apifox.com)                                                                   ║
║ Request Params : {"name":"1111111111"}                                                                               ║
║ ⛔ EXCEPTION INFO ══════════════════════════════════════════════════════════════════════════════════════════════════║
║ Exception Code : 0                                                                                                   ║
║ Error Message  : ErrorException: Undefined array key "mobile" in D:\project\ai-services\app\Services\UsersService.php║
║ :96
Stack trace:
#0 D:\project\ai-services\vendor\laravel\framework\src\Illuminate\Foundation\Bootstrap\HandleExcepti║
║ ons.php(228): Illuminate\Foundation\Bootstrap\HandleExceptions->handleError(2, 'Undefined array...', 'D:\\project\\ai║
║ -s...', 96)
#1 D:\project\ai-services\app\Services\UsersService.php(96): Illuminate\Foundation\Bootstrap\HandleExcept║
║ ions->Illuminate\Foundation\Bootstrap\{closure}(2, 'Undefined array...', 'D:\\project\\ai-s...', 96)
#2 [internal fun║
║ ction]: App\Services\UsersService->add(Array)
#3 D:\project\ai-services\app\Helpers\AopProxy.php(55): call_user_func_║
║ array(Array, Array)
#4 D:\project\ai-services\app\Http\Controllers\Web\UsersController.php(49): class@anonymous->__ca║
║ ll('add', Array)
#5 D:\project\ai-services\vendor\laravel\framework\src\Illuminate\Routing\Controller.php(54): App\Ht║
║ tp\Controllers\Web\UsersController->add(Object(Illuminate\Http\Request))
#6 D:\project\ai-services\vendor\laravel\fra║
║ mework\src\Illuminate\Routing\ControllerDispatcher.php(45): Illuminate\Routing\Controller->callAction('add', Array)
#║
║ 7 D:\project\ai-services\vendor\laravel\framework\src\Illuminate\Routing\Route.php(261): Illuminate\Routing\Controlle║
║ rDispatcher->dispatch(Object(Illuminate\Routing\Route), Object(App\Http\Controllers\Web\UsersController), 'add')
#8 D║
║ :\project\ai-services\vendor\laravel\framework\src\Illuminate\Routing\Route.php(204): Illuminate\Routing\Route->runCo║
║ ntroller()
#9 D:\project\ai-services\vendor\laravel\framework\src\Illuminate\Routing\Router.php(721): Illuminate\Rout║
║ ing\Route->run()
#10 D:\project\ai-services\vendor\laravel\framework\src\Illuminate\Pipeline\Pipeline.php(128): Illum║
║ inate\Routing\Router->Illuminate\Routing\{closure}(Object(Illuminate\Http\Request))
#11 D:\project\ai-services\app\Ht║
║ tp\Middleware\WebMiddleware.php(38): Illuminate\Pipeline\Pipeline->Illuminate\Pipeline\{closure}(Object(Illuminate\Ht║
║ tp\Request))
#12 D:\project\ai-services\vendor\laravel\framework\src\Illuminate\Pipeline\Pipeline.php(167): App\Http\║
║ Middleware\WebMiddleware->handle(Object(Illuminate\Http\Request), Object(Closure))
#13 D:\project\ai-services\vendor\║
║ laravel\framework\src\Illuminate\Routing\Middleware\SubstituteBindings.php(50): Illuminate\Pipeline\Pipeline->Illumin║
║ ate\Pipeline\{closure}(Object(Illuminate\Http\Request))
#14 D:\project\ai-services\vendor\laravel\framework\src\Illum║
║ inate\Pipeline\Pipeline.php(167): Illuminate\Routing\Middleware\SubstituteBindings->handle(Object(Illuminate\Http\Req║
║ uest), Object(Closure))
#15 D:\project\ai-services\vendor\laravel\framework\src\Illuminate\View\Middleware\ShareError║
║ sFromSession.php(49): Illuminate\Pipeline\Pipeline->Illuminate\Pipeline\{closure}(Object(Illuminate\Http\Request))
#1║
║ 6 D:\project\ai-services\vendor\laravel\framework\src\Illuminate\Pipeline\Pipeline.php(167): Illuminate\View\Middlewa║
║ re\ShareErrorsFromSession->handle(Object(Illuminate\Http\Request), Object(Closure))
#17 D:\project\ai-services\vendor║
║ \laravel\framework\src\Illuminate\Session\Middleware\StartSession.php(121): Illuminate\Pipeline\Pipeline->Illuminate\║
║ Pipeline\{closure}(Object(Illuminate\Http\Request))
#18 D:\project\ai-services\vendor\laravel\framework\src\Illuminat║
║ e\Session\Middleware\StartSession.php(64): Illuminate\Session\Middleware\StartSession->handleStatefulRequest(Object(I║
║ lluminate\Http\Request), Object(Illuminate\Session\Store), Object(Closure))
#19 D:\project\ai-services\vendor\laravel║
║ \framework\src\Illuminate\Pipeline\Pipeline.php(167): Illuminate\Session\Middleware\StartSession->handle(Object(Illum║
║ inate\Http\Request), Object(Closure))
#20 D:\project\ai-services\vendor\laravel\framework\src\Illuminate\Cookie\Middl║
║ eware\AddQueuedCookiesToResponse.php(37): Illuminate\Pipeline\Pipeline->Illuminate\Pipeline\{closure}(Object(Illumina║
║ te\Http\Request))
#21 D:\project\ai-services\vendor\laravel\framework\src\Illuminate\Pipeline\Pipeline.php(167): Illu║
║ minate\Cookie\Middleware\AddQueuedCookiesToResponse->handle(Object(Illuminate\Http\Request), Object(Closure))
#22 D:\║
║ project\ai-services\vendor\laravel\framework\src\Illuminate\Cookie\Middleware\EncryptCookies.php(67): Illuminate\Pipe║
║ line\Pipeline->Illuminate\Pipeline\{closure}(Object(Illuminate\Http\Request))
#23 D:\project\ai-services\vendor\larav║
║ el\framework\src\Illuminate\Pipeline\Pipeline.php(167): Illuminate\Cookie\Middleware\EncryptCookies->handle(Object(Il║
║ luminate\Http\Request), Object(Closure))
#24 D:\project\ai-services\vendor\laravel\framework\src\Illuminate\Pipeline\║
║ Pipeline.php(103): Illuminate\Pipeline\Pipeline->Illuminate\Pipeline\{closure}(Object(Illuminate\Http\Request))
#25 D║
║ :\project\ai-services\vendor\laravel\framework\src\Illuminate\Routing\Router.php(723): Illuminate\Pipeline\Pipeline->║
║ then(Object(Closure))
#26 D:\project\ai-services\vendor\laravel\framework\src\Illuminate\Routing\Router.php(698): Ill║
║ uminate\Routing\Router->runRouteWithinStack(Object(Illuminate\Routing\Route), Object(Illuminate\Http\Request))
#27 D:║
║ \project\ai-services\vendor\laravel\framework\src\Illuminate\Routing\Router.php(662): Illuminate\Routing\Router->runR║
║ oute(Object(Illuminate\Http\Request), Object(Illuminate\Routing\Route))
#28 D:\project\ai-services\vendor\laravel\fra║
║ mework\src\Illuminate\Routing\Router.php(651): Illuminate\Routing\Router->dispatchToRoute(Object(Illuminate\Http\Requ║
║ est))
#29 D:\project\ai-services\vendor\laravel\framework\src\Illuminate\Foundation\Http\Kernel.php(167): Illuminate\║
║ Routing\Router->dispatch(Object(Illuminate\Http\Request))
#30 D:\project\ai-services\vendor\laravel\framework\src\Ill║
║ uminate\Pipeline\Pipeline.php(128): Illuminate\Foundation\Http\Kernel->Illuminate\Foundation\Http\{closure}(Object(Il║
║ luminate\Http\Request))
#31 D:\project\ai-services\vendor\laravel\framework\src\Illuminate\Foundation\Http\Middleware║
║ \TransformsRequest.php(21): Illuminate\Pipeline\Pipeline->Illuminate\Pipeline\{closure}(Object(Illuminate\Http\Reques║
║ t))
#32 D:\project\ai-services\vendor\laravel\framework\src\Illuminate\Foundation\Http\Middleware\ConvertEmptyStrings║
║ ToNull.php(31): Illuminate\Foundation\Http\Middleware\TransformsRequest->handle(Object(Illuminate\Http\Request), Obje║
║ ct(Closure))
#33 D:\project\ai-services\vendor\laravel\framework\src\Illuminate\Pipeline\Pipeline.php(167): Illuminat║
║ e\Foundation\Http\Middleware\ConvertEmptyStringsToNull->handle(Object(Illuminate\Http\Request), Object(Closure))
#34 ║
║ D:\project\ai-services\vendor\laravel\framework\src\Illuminate\Foundation\Http\Middleware\TransformsRequest.php(21): ║
║ Illuminate\Pipeline\Pipeline->Illuminate\Pipeline\{closure}(Object(Illuminate\Http\Request))
#35 D:\project\ai-servic║
║ es\vendor\laravel\framework\src\Illuminate\Foundation\Http\Middleware\TrimStrings.php(40): Illuminate\Foundation\Http║
║ \Middleware\TransformsRequest->handle(Object(Illuminate\Http\Request), Object(Closure))
#36 D:\project\ai-services\ve║
║ ndor\laravel\framework\src\Illuminate\Pipeline\Pipeline.php(167): Illuminate\Foundation\Http\Middleware\TrimStrings->║
║ handle(Object(Illuminate\Http\Request), Object(Closure))
#37 D:\project\ai-services\vendor\laravel\framework\src\Illu║
║ minate\Foundation\Http\Middleware\ValidatePostSize.php(27): Illuminate\Pipeline\Pipeline->Illuminate\Pipeline\{closur║
║ e}(Object(Illuminate\Http\Request))
#38 D:\project\ai-services\vendor\laravel\framework\src\Illuminate\Pipeline\Pipel║
║ ine.php(167): Illuminate\Foundation\Http\Middleware\ValidatePostSize->handle(Object(Illuminate\Http\Request), Object(║
║ Closure))
#39 D:\project\ai-services\vendor\laravel\framework\src\Illuminate\Foundation\Http\Middleware\PreventReques║
║ tsDuringMaintenance.php(86): Illuminate\Pipeline\Pipeline->Illuminate\Pipeline\{closure}(Object(Illuminate\Http\Reque║
║ st))
#40 D:\project\ai-services\vendor\laravel\framework\src\Illuminate\Pipeline\Pipeline.php(167): Illuminate\Founda║
║ tion\Http\Middleware\PreventRequestsDuringMaintenance->handle(Object(Illuminate\Http\Request), Object(Closure))
#41 D║
║ :\project\ai-services\vendor\laravel\framework\src\Illuminate\Http\Middleware\TrustProxies.php(39): Illuminate\Pipeli║
║ ne\Pipeline->Illuminate\Pipeline\{closure}(Object(Illuminate\Http\Request))
#42 D:\project\ai-services\vendor\laravel║
║ \framework\src\Illuminate\Pipeline\Pipeline.php(167): Illuminate\Http\Middleware\TrustProxies->handle(Object(Illumina║
║ te\Http\Request), Object(Closure))
#43 D:\project\ai-services\vendor\laravel\framework\src\Illuminate\Pipeline\Pipeli║
║ ne.php(103): Illuminate\Pipeline\Pipeline->Illuminate\Pipeline\{closure}(Object(Illuminate\Http\Request))
#44 D:\proj║
║ ect\ai-services\vendor\laravel\framework\src\Illuminate\Foundation\Http\Kernel.php(142): Illuminate\Pipeline\Pipeline║
║ ->then(Object(Closure))
#45 D:\project\ai-services\vendor\laravel\framework\src\Illuminate\Foundation\Http\Kernel.php║
║ (111): Illuminate\Foundation\Http\Kernel->sendRequestThroughRouter(Object(Illuminate\Http\Request))
#46 D:\project\ai║
║ -services\public\index.php(52): Illuminate\Foundation\Http\Kernel->handle(Object(Illuminate\Http\Request))
#47 {main}║
║ Location       : \app\Services\UsersService.php:117                                                                  ║
║ Environment    : local                                                                                               ║
║ STACK TRACE ═════════════════════════════════════════════════════════════════════════════════════════════════════════║
║ ║ #00 App\Services\UsersService->add() in :0                                                                         ║
║ ║ #01 class@anonymous D:\project\ai-services\app\Helpers\AopProxy.php:25$460->__call() in \app\Http\Controllers\Web\U║
║ sersController.php:49                                                                                                ║
║ ║ #02 App\Http\Controllers\Web\UsersController->add() in \vendor\laravel\framework\src\Illuminate\Routing\Controller.║
║ php:54                                                                                                               ║
║ ║ #03 Illuminate\Routing\Controller->callAction() in \vendor\laravel\framework\src\Illuminate\Routing\ControllerDispa║
║ tcher.php:45                                                                                                         ║
║
║ END OF LOG ══════════════════════════════════════════════════════════════════════════════════════════════════════════║
╬════════════════════════════════════════════════════════════════════════════════════════════════════════════════════════╬  
[2025-07-21 15:56:41] local.ERROR: ╬════════════════════════════════════════════════════════════════════════════════════════════════════════════════════════╬
║ EXCEPTION LOG ═══════════════════════════════════════════════════════════════════════════════════════════════════════
║ ⛔ [Exception]                              ℹ️ 2025-07-21 15:56:41.846 ℹ️ ID: 9aaa40e2-5caa-4058-9f49-88b4da207b92 ║
║══════════════════════════════════════════════════════════════════════════════════════════════════════════════════════║
║ ℹ️ REQUEST INFO ════════════════════════════════════════════════════════════════════════════════════════════════════║
║ Request URL    : POST http://localhost:8918/admin/users/add                                                          ║
║ Client IP      : 127.0.0.1                                                                                           ║
║ User Agent     : Apifox/1.0.0 (https://apifox.com)                                                                   ║
║ Request Params : {"name":"1111111111"}                                                                               ║
║ ⛔ EXCEPTION INFO ══════════════════════════════════════════════════════════════════════════════════════════════════║
║ Exception Code : 0                                                                                                   ║
║ Error Message  : ErrorException: Undefined array key "mobile" in D:\project\ai-services\app\Services\UsersService.php║
║ :96
Stack trace:
#0 D:\project\ai-services\vendor\laravel\framework\src\Illuminate\Foundation\Bootstrap\HandleExcepti║
║ ons.php(228): Illuminate\Foundation\Bootstrap\HandleExceptions->handleError(2, 'Undefined array...', 'D:\\project\\ai║
║ -s...', 96)
#1 D:\project\ai-services\app\Services\UsersService.php(96): Illuminate\Foundation\Bootstrap\HandleExcept║
║ ions->Illuminate\Foundation\Bootstrap\{closure}(2, 'Undefined array...', 'D:\\project\\ai-s...', 96)
#2 [internal fun║
║ ction]: App\Services\UsersService->add(Array)
#3 D:\project\ai-services\app\Helpers\AopProxy.php(55): call_user_func_║
║ array(Array, Array)
#4 D:\project\ai-services\app\Http\Controllers\Web\UsersController.php(49): class@anonymous->__ca║
║ ll('add', Array)
#5 D:\project\ai-services\vendor\laravel\framework\src\Illuminate\Routing\Controller.php(54): App\Ht║
║ tp\Controllers\Web\UsersController->add(Object(Illuminate\Http\Request))
#6 D:\project\ai-services\vendor\laravel\fra║
║ mework\src\Illuminate\Routing\ControllerDispatcher.php(45): Illuminate\Routing\Controller->callAction('add', Array)
#║
║ 7 D:\project\ai-services\vendor\laravel\framework\src\Illuminate\Routing\Route.php(261): Illuminate\Routing\Controlle║
║ rDispatcher->dispatch(Object(Illuminate\Routing\Route), Object(App\Http\Controllers\Web\UsersController), 'add')
#8 D║
║ :\project\ai-services\vendor\laravel\framework\src\Illuminate\Routing\Route.php(204): Illuminate\Routing\Route->runCo║
║ ntroller()
#9 D:\project\ai-services\vendor\laravel\framework\src\Illuminate\Routing\Router.php(721): Illuminate\Rout║
║ ing\Route->run()
#10 D:\project\ai-services\vendor\laravel\framework\src\Illuminate\Pipeline\Pipeline.php(128): Illum║
║ inate\Routing\Router->Illuminate\Routing\{closure}(Object(Illuminate\Http\Request))
#11 D:\project\ai-services\app\Ht║
║ tp\Middleware\WebMiddleware.php(38): Illuminate\Pipeline\Pipeline->Illuminate\Pipeline\{closure}(Object(Illuminate\Ht║
║ tp\Request))
#12 D:\project\ai-services\vendor\laravel\framework\src\Illuminate\Pipeline\Pipeline.php(167): App\Http\║
║ Middleware\WebMiddleware->handle(Object(Illuminate\Http\Request), Object(Closure))
#13 D:\project\ai-services\vendor\║
║ laravel\framework\src\Illuminate\Routing\Middleware\SubstituteBindings.php(50): Illuminate\Pipeline\Pipeline->Illumin║
║ ate\Pipeline\{closure}(Object(Illuminate\Http\Request))
#14 D:\project\ai-services\vendor\laravel\framework\src\Illum║
║ inate\Pipeline\Pipeline.php(167): Illuminate\Routing\Middleware\SubstituteBindings->handle(Object(Illuminate\Http\Req║
║ uest), Object(Closure))
#15 D:\project\ai-services\vendor\laravel\framework\src\Illuminate\View\Middleware\ShareError║
║ sFromSession.php(49): Illuminate\Pipeline\Pipeline->Illuminate\Pipeline\{closure}(Object(Illuminate\Http\Request))
#1║
║ 6 D:\project\ai-services\vendor\laravel\framework\src\Illuminate\Pipeline\Pipeline.php(167): Illuminate\View\Middlewa║
║ re\ShareErrorsFromSession->handle(Object(Illuminate\Http\Request), Object(Closure))
#17 D:\project\ai-services\vendor║
║ \laravel\framework\src\Illuminate\Session\Middleware\StartSession.php(121): Illuminate\Pipeline\Pipeline->Illuminate\║
║ Pipeline\{closure}(Object(Illuminate\Http\Request))
#18 D:\project\ai-services\vendor\laravel\framework\src\Illuminat║
║ e\Session\Middleware\StartSession.php(64): Illuminate\Session\Middleware\StartSession->handleStatefulRequest(Object(I║
║ lluminate\Http\Request), Object(Illuminate\Session\Store), Object(Closure))
#19 D:\project\ai-services\vendor\laravel║
║ \framework\src\Illuminate\Pipeline\Pipeline.php(167): Illuminate\Session\Middleware\StartSession->handle(Object(Illum║
║ inate\Http\Request), Object(Closure))
#20 D:\project\ai-services\vendor\laravel\framework\src\Illuminate\Cookie\Middl║
║ eware\AddQueuedCookiesToResponse.php(37): Illuminate\Pipeline\Pipeline->Illuminate\Pipeline\{closure}(Object(Illumina║
║ te\Http\Request))
#21 D:\project\ai-services\vendor\laravel\framework\src\Illuminate\Pipeline\Pipeline.php(167): Illu║
║ minate\Cookie\Middleware\AddQueuedCookiesToResponse->handle(Object(Illuminate\Http\Request), Object(Closure))
#22 D:\║
║ project\ai-services\vendor\laravel\framework\src\Illuminate\Cookie\Middleware\EncryptCookies.php(67): Illuminate\Pipe║
║ line\Pipeline->Illuminate\Pipeline\{closure}(Object(Illuminate\Http\Request))
#23 D:\project\ai-services\vendor\larav║
║ el\framework\src\Illuminate\Pipeline\Pipeline.php(167): Illuminate\Cookie\Middleware\EncryptCookies->handle(Object(Il║
║ luminate\Http\Request), Object(Closure))
#24 D:\project\ai-services\vendor\laravel\framework\src\Illuminate\Pipeline\║
║ Pipeline.php(103): Illuminate\Pipeline\Pipeline->Illuminate\Pipeline\{closure}(Object(Illuminate\Http\Request))
#25 D║
║ :\project\ai-services\vendor\laravel\framework\src\Illuminate\Routing\Router.php(723): Illuminate\Pipeline\Pipeline->║
║ then(Object(Closure))
#26 D:\project\ai-services\vendor\laravel\framework\src\Illuminate\Routing\Router.php(698): Ill║
║ uminate\Routing\Router->runRouteWithinStack(Object(Illuminate\Routing\Route), Object(Illuminate\Http\Request))
#27 D:║
║ \project\ai-services\vendor\laravel\framework\src\Illuminate\Routing\Router.php(662): Illuminate\Routing\Router->runR║
║ oute(Object(Illuminate\Http\Request), Object(Illuminate\Routing\Route))
#28 D:\project\ai-services\vendor\laravel\fra║
║ mework\src\Illuminate\Routing\Router.php(651): Illuminate\Routing\Router->dispatchToRoute(Object(Illuminate\Http\Requ║
║ est))
#29 D:\project\ai-services\vendor\laravel\framework\src\Illuminate\Foundation\Http\Kernel.php(167): Illuminate\║
║ Routing\Router->dispatch(Object(Illuminate\Http\Request))
#30 D:\project\ai-services\vendor\laravel\framework\src\Ill║
║ uminate\Pipeline\Pipeline.php(128): Illuminate\Foundation\Http\Kernel->Illuminate\Foundation\Http\{closure}(Object(Il║
║ luminate\Http\Request))
#31 D:\project\ai-services\vendor\laravel\framework\src\Illuminate\Foundation\Http\Middleware║
║ \TransformsRequest.php(21): Illuminate\Pipeline\Pipeline->Illuminate\Pipeline\{closure}(Object(Illuminate\Http\Reques║
║ t))
#32 D:\project\ai-services\vendor\laravel\framework\src\Illuminate\Foundation\Http\Middleware\ConvertEmptyStrings║
║ ToNull.php(31): Illuminate\Foundation\Http\Middleware\TransformsRequest->handle(Object(Illuminate\Http\Request), Obje║
║ ct(Closure))
#33 D:\project\ai-services\vendor\laravel\framework\src\Illuminate\Pipeline\Pipeline.php(167): Illuminat║
║ e\Foundation\Http\Middleware\ConvertEmptyStringsToNull->handle(Object(Illuminate\Http\Request), Object(Closure))
#34 ║
║ D:\project\ai-services\vendor\laravel\framework\src\Illuminate\Foundation\Http\Middleware\TransformsRequest.php(21): ║
║ Illuminate\Pipeline\Pipeline->Illuminate\Pipeline\{closure}(Object(Illuminate\Http\Request))
#35 D:\project\ai-servic║
║ es\vendor\laravel\framework\src\Illuminate\Foundation\Http\Middleware\TrimStrings.php(40): Illuminate\Foundation\Http║
║ \Middleware\TransformsRequest->handle(Object(Illuminate\Http\Request), Object(Closure))
#36 D:\project\ai-services\ve║
║ ndor\laravel\framework\src\Illuminate\Pipeline\Pipeline.php(167): Illuminate\Foundation\Http\Middleware\TrimStrings->║
║ handle(Object(Illuminate\Http\Request), Object(Closure))
#37 D:\project\ai-services\vendor\laravel\framework\src\Illu║
║ minate\Foundation\Http\Middleware\ValidatePostSize.php(27): Illuminate\Pipeline\Pipeline->Illuminate\Pipeline\{closur║
║ e}(Object(Illuminate\Http\Request))
#38 D:\project\ai-services\vendor\laravel\framework\src\Illuminate\Pipeline\Pipel║
║ ine.php(167): Illuminate\Foundation\Http\Middleware\ValidatePostSize->handle(Object(Illuminate\Http\Request), Object(║
║ Closure))
#39 D:\project\ai-services\vendor\laravel\framework\src\Illuminate\Foundation\Http\Middleware\PreventReques║
║ tsDuringMaintenance.php(86): Illuminate\Pipeline\Pipeline->Illuminate\Pipeline\{closure}(Object(Illuminate\Http\Reque║
║ st))
#40 D:\project\ai-services\vendor\laravel\framework\src\Illuminate\Pipeline\Pipeline.php(167): Illuminate\Founda║
║ tion\Http\Middleware\PreventRequestsDuringMaintenance->handle(Object(Illuminate\Http\Request), Object(Closure))
#41 D║
║ :\project\ai-services\vendor\laravel\framework\src\Illuminate\Http\Middleware\TrustProxies.php(39): Illuminate\Pipeli║
║ ne\Pipeline->Illuminate\Pipeline\{closure}(Object(Illuminate\Http\Request))
#42 D:\project\ai-services\vendor\laravel║
║ \framework\src\Illuminate\Pipeline\Pipeline.php(167): Illuminate\Http\Middleware\TrustProxies->handle(Object(Illumina║
║ te\Http\Request), Object(Closure))
#43 D:\project\ai-services\vendor\laravel\framework\src\Illuminate\Pipeline\Pipeli║
║ ne.php(103): Illuminate\Pipeline\Pipeline->Illuminate\Pipeline\{closure}(Object(Illuminate\Http\Request))
#44 D:\proj║
║ ect\ai-services\vendor\laravel\framework\src\Illuminate\Foundation\Http\Kernel.php(142): Illuminate\Pipeline\Pipeline║
║ ->then(Object(Closure))
#45 D:\project\ai-services\vendor\laravel\framework\src\Illuminate\Foundation\Http\Kernel.php║
║ (111): Illuminate\Foundation\Http\Kernel->sendRequestThroughRouter(Object(Illuminate\Http\Request))
#46 D:\project\ai║
║ -services\public\index.php(52): Illuminate\Foundation\Http\Kernel->handle(Object(Illuminate\Http\Request))
#47 {main}║
║ Location       : \app\Services\UsersService.php:117                                                                  ║
║ Environment    : local                                                                                               ║
║ STACK TRACE ═════════════════════════════════════════════════════════════════════════════════════════════════════════║
║ ║ #00 App\Services\UsersService->add() in :0                                                                         ║
║ ║ #01 class@anonymous D:\project\ai-services\app\Helpers\AopProxy.php:25$16b0->__call() in \app\Http\Controllers\Web\║
║ UsersController.php:49                                                                                               ║
║ ║ #02 App\Http\Controllers\Web\UsersController->add() in \vendor\laravel\framework\src\Illuminate\Routing\Controller.║
║ php:54                                                                                                               ║
║ ║ #03 Illuminate\Routing\Controller->callAction() in \vendor\laravel\framework\src\Illuminate\Routing\ControllerDispa║
║ tcher.php:45                                                                                                         ║
║
║ END OF LOG ══════════════════════════════════════════════════════════════════════════════════════════════════════════║
╬════════════════════════════════════════════════════════════════════════════════════════════════════════════════════════╬  
[2025-07-21 15:57:30] local.ERROR: ╬════════════════════════════════════════════════════════════════════════════════════════════════════════════════════════╬
║ EXCEPTION LOG ═══════════════════════════════════════════════════════════════════════════════════════════════════════
║ ⛔ [Predis\Connection\ConnectionException]  ℹ️ 2025-07-21 15:57:30.290 ℹ️ ID: 7f119621-4d55-4298-93b2-376cef6ca944 ║
║══════════════════════════════════════════════════════════════════════════════════════════════════════════════════════║
║ ℹ️ REQUEST INFO ════════════════════════════════════════════════════════════════════════════════════════════════════║
║ Request URL    : POST http://localhost:8918/auth/register/username                                                   ║
║ Client IP      : 127.0.0.1                                                                                           ║
║ User Agent     : Apifox/1.0.0 (https://apifox.com)                                                                   ║
║ Request Params : {"name":"1111111111"}                                                                               ║
║ ⛔ EXCEPTION INFO ══════════════════════════════════════════════════════════════════════════════════════════════════║
║ Exception Code : 10061                                                                                               ║
║ Error Message  : 由于目标计算机积极拒绝，无法连接。 [tcp://47.119.17.84:6379]                                                         ║
║ Location       : \vendor\predis\predis\src\Connection\AbstractConnection.php:144                                     ║
║ Environment    : local                                                                                               ║
║ STACK TRACE ═════════════════════════════════════════════════════════════════════════════════════════════════════════║
║ ║ #00 Predis\Connection\AbstractConnection->onConnectionError() in \vendor\predis\predis\src\Connection\StreamConnect║
║ ion.php:130                                                                                                          ║
║ ║ #01 Predis\Connection\StreamConnection->createStreamSocket() in \vendor\predis\predis\src\Connection\StreamConnecti║
║ on.php:175                                                                                                           ║
║ ║ #02 Predis\Connection\StreamConnection->tcpStreamInitializer() in \vendor\predis\predis\src\Connection\StreamConnec║
║ tion.php:89                                                                                                          ║
║ ║ #03 Predis\Connection\StreamConnection->createResource() in \vendor\predis\predis\src\Connection\AbstractConnection║
║ .php:85                                                                                                              ║
║
║ END OF LOG ══════════════════════════════════════════════════════════════════════════════════════════════════════════║
╬════════════════════════════════════════════════════════════════════════════════════════════════════════════════════════╬  
[2025-07-21 16:02:22] local.ERROR: ╬════════════════════════════════════════════════════════════════════════════════════════════════════════════════════════╬
║ EXCEPTION LOG ═══════════════════════════════════════════════════════════════════════════════════════════════════════
║ ⛔ [Predis\Connection\ConnectionException]  ℹ️ 2025-07-21 16:02:22.427 ℹ️ ID: 8c38ec28-0405-49f7-bd83-286f5f977b3f ║
║══════════════════════════════════════════════════════════════════════════════════════════════════════════════════════║
║ ℹ️ REQUEST INFO ════════════════════════════════════════════════════════════════════════════════════════════════════║
║ Request URL    : POST http://localhost:8918/auth/register/username                                                   ║
║ Client IP      : 127.0.0.1                                                                                           ║
║ User Agent     : Apifox/1.0.0 (https://apifox.com)                                                                   ║
║ Request Params : {"name":"1111111111"}                                                                               ║
║ ⛔ EXCEPTION INFO ══════════════════════════════════════════════════════════════════════════════════════════════════║
║ Exception Code : 10061                                                                                               ║
║ Error Message  : 由于目标计算机积极拒绝，无法连接。 [tcp://47.119.17.84:6379]                                                         ║
║ Location       : \vendor\predis\predis\src\Connection\AbstractConnection.php:144                                     ║
║ Environment    : local                                                                                               ║
║ STACK TRACE ═════════════════════════════════════════════════════════════════════════════════════════════════════════║
║ ║ #00 Predis\Connection\AbstractConnection->onConnectionError() in \vendor\predis\predis\src\Connection\StreamConnect║
║ ion.php:130                                                                                                          ║
║ ║ #01 Predis\Connection\StreamConnection->createStreamSocket() in \vendor\predis\predis\src\Connection\StreamConnecti║
║ on.php:175                                                                                                           ║
║ ║ #02 Predis\Connection\StreamConnection->tcpStreamInitializer() in \vendor\predis\predis\src\Connection\StreamConnec║
║ tion.php:89                                                                                                          ║
║ ║ #03 Predis\Connection\StreamConnection->createResource() in \vendor\predis\predis\src\Connection\AbstractConnection║
║ .php:85                                                                                                              ║
║
║ END OF LOG ══════════════════════════════════════════════════════════════════════════════════════════════════════════║
╬════════════════════════════════════════════════════════════════════════════════════════════════════════════════════════╬  
[2025-07-21 16:03:39] local.ERROR: ╬════════════════════════════════════════════════════════════════════════════════════════════════════════════════════════╬
║ EXCEPTION LOG ═══════════════════════════════════════════════════════════════════════════════════════════════════════
║ ⛔ [Predis\Response\ServerException]        ℹ️ 2025-07-21 16:03:39.990 ℹ️ ID: 6b9bc035-99a0-41e9-b93b-52549a04265e ║
║══════════════════════════════════════════════════════════════════════════════════════════════════════════════════════║
║ ℹ️ REQUEST INFO ════════════════════════════════════════════════════════════════════════════════════════════════════║
║ Request URL    : POST http://localhost:8918/auth/register/username                                                   ║
║ Client IP      : 127.0.0.1                                                                                           ║
║ User Agent     : Apifox/1.0.0 (https://apifox.com)                                                                   ║
║ Request Params : {"name":"1111111111"}                                                                               ║
║ ⛔ EXCEPTION INFO ══════════════════════════════════════════════════════════════════════════════════════════════════║
║ Exception Code : 0                                                                                                   ║
║ Error Message  : ERR syntax error                                                                                    ║
║ Location       : \vendor\predis\predis\src\Client.php:416                                                            ║
║ Environment    : local                                                                                               ║
║ STACK TRACE ═════════════════════════════════════════════════════════════════════════════════════════════════════════║
║ ║ #00 Predis\Client->onErrorResponse() in \vendor\predis\predis\src\Client.php:385                                   ║
║ ║ #01 Predis\Client->executeCommand() in \vendor\predis\predis\src\Client.php:336                                    ║
║ ║ #02 Predis\Client->__call() in \vendor\laravel\framework\src\Illuminate\Redis\Connections\Connection.php:116       ║
║ ║ #03 Illuminate\Redis\Connections\Connection->command() in \vendor\laravel\framework\src\Illuminate\Redis\Connection║
║ s\Connection.php:220                                                                                                 ║
║
║ END OF LOG ══════════════════════════════════════════════════════════════════════════════════════════════════════════║
╬════════════════════════════════════════════════════════════════════════════════════════════════════════════════════════╬  
[2025-07-21 16:05:22] local.ERROR: ╬════════════════════════════════════════════════════════════════════════════════════════════════════════════════════════╬
║ EXCEPTION LOG ═══════════════════════════════════════════════════════════════════════════════════════════════════════
║ ⛔ [Predis\Response\ServerException]        ℹ️ 2025-07-21 16:05:22.080 ℹ️ ID: 9992cb93-17c1-4c44-ab8b-41c5ea92db36 ║
║══════════════════════════════════════════════════════════════════════════════════════════════════════════════════════║
║ ℹ️ REQUEST INFO ════════════════════════════════════════════════════════════════════════════════════════════════════║
║ Request URL    : POST http://localhost:8918/auth/register/username                                                   ║
║ Client IP      : 127.0.0.1                                                                                           ║
║ User Agent     : Apifox/1.0.0 (https://apifox.com)                                                                   ║
║ Request Params : {"name":"1111111111"}                                                                               ║
║ ⛔ EXCEPTION INFO ══════════════════════════════════════════════════════════════════════════════════════════════════║
║ Exception Code : 0                                                                                                   ║
║ Error Message  : ERR syntax error                                                                                    ║
║ Location       : \vendor\predis\predis\src\Client.php:416                                                            ║
║ Environment    : local                                                                                               ║
║ STACK TRACE ═════════════════════════════════════════════════════════════════════════════════════════════════════════║
║ ║ #00 Predis\Client->onErrorResponse() in \vendor\predis\predis\src\Client.php:385                                   ║
║ ║ #01 Predis\Client->executeCommand() in \vendor\predis\predis\src\Client.php:336                                    ║
║ ║ #02 Predis\Client->__call() in \vendor\laravel\framework\src\Illuminate\Redis\Connections\Connection.php:116       ║
║ ║ #03 Illuminate\Redis\Connections\Connection->command() in \vendor\laravel\framework\src\Illuminate\Redis\Connection║
║ s\Connection.php:220                                                                                                 ║
║
║ END OF LOG ══════════════════════════════════════════════════════════════════════════════════════════════════════════║
╬════════════════════════════════════════════════════════════════════════════════════════════════════════════════════════╬  
[2025-07-21 16:05:55] local.ERROR: ╬════════════════════════════════════════════════════════════════════════════════════════════════════════════════════════╬
║ EXCEPTION LOG ═══════════════════════════════════════════════════════════════════════════════════════════════════════
║ ⛔ [Predis\Response\ServerException]        ℹ️ 2025-07-21 16:05:55.333 ℹ️ ID: 23bce220-b6cd-40d8-89c0-c53cda302fb7 ║
║══════════════════════════════════════════════════════════════════════════════════════════════════════════════════════║
║ ℹ️ REQUEST INFO ════════════════════════════════════════════════════════════════════════════════════════════════════║
║ Request URL    : POST http://localhost:8918/auth/register/username                                                   ║
║ Client IP      : 127.0.0.1                                                                                           ║
║ User Agent     : Apifox/1.0.0 (https://apifox.com)                                                                   ║
║ Request Params : {"name":"1111111111"}                                                                               ║
║ ⛔ EXCEPTION INFO ══════════════════════════════════════════════════════════════════════════════════════════════════║
║ Exception Code : 0                                                                                                   ║
║ Error Message  : ERR syntax error                                                                                    ║
║ Location       : \vendor\predis\predis\src\Client.php:416                                                            ║
║ Environment    : local                                                                                               ║
║ STACK TRACE ═════════════════════════════════════════════════════════════════════════════════════════════════════════║
║ ║ #00 Predis\Client->onErrorResponse() in \vendor\predis\predis\src\Client.php:385                                   ║
║ ║ #01 Predis\Client->executeCommand() in \vendor\predis\predis\src\Client.php:336                                    ║
║ ║ #02 Predis\Client->__call() in \vendor\laravel\framework\src\Illuminate\Redis\Connections\Connection.php:116       ║
║ ║ #03 Illuminate\Redis\Connections\Connection->command() in \vendor\laravel\framework\src\Illuminate\Redis\Connection║
║ s\Connection.php:220                                                                                                 ║
║
║ END OF LOG ══════════════════════════════════════════════════════════════════════════════════════════════════════════║
╬════════════════════════════════════════════════════════════════════════════════════════════════════════════════════════╬  
[2025-07-21 16:10:17] local.ERROR: ╬════════════════════════════════════════════════════════════════════════════════════════════════════════════════════════╬
║ EXCEPTION LOG ═══════════════════════════════════════════════════════════════════════════════════════════════════════
║ ⛔ [ErrorException]                         ℹ️ 2025-07-21 16:10:17.718 ℹ️ ID: af8e1662-dfda-4efb-8277-7fcf3a7be95f ║
║══════════════════════════════════════════════════════════════════════════════════════════════════════════════════════║
║ ℹ️ REQUEST INFO ════════════════════════════════════════════════════════════════════════════════════════════════════║
║ Request URL    : POST http://localhost:8918/auth/register/username                                                   ║
║ Client IP      : 127.0.0.1                                                                                           ║
║ User Agent     : Apifox/1.0.0 (https://apifox.com)                                                                   ║
║ Request Params : {"name":"1111111111"}                                                                               ║
║ ⛔ EXCEPTION INFO ══════════════════════════════════════════════════════════════════════════════════════════════════║
║ Exception Code : 0                                                                                                   ║
║ Error Message  : Array to string conversion                                                                          ║
║ Location       : \vendor\predis\predis\src\Connection\StreamConnection.php:393                                       ║
║ Environment    : local                                                                                               ║
║ STACK TRACE ═════════════════════════════════════════════════════════════════════════════════════════════════════════║
║ ║ #00 Illuminate\Foundation\Bootstrap\HandleExceptions->handleError() in \vendor\laravel\framework\src\Illuminate\Fou║
║ ndation\Bootstrap\HandleExceptions.php:228                                                                           ║
║ ║ #01 Illuminate\Foundation\Bootstrap\HandleExceptions->Illuminate\Foundation\Bootstrap\{closure}() in :0            ║
║ ║ #02 strval() in \vendor\predis\predis\src\Connection\StreamConnection.php:393                                      ║
║ ║ #03 Predis\Connection\StreamConnection->writeRequest() in \vendor\predis\predis\src\Connection\AbstractConnection.p║
║ hp:122                                                                                                               ║
║
║ END OF LOG ══════════════════════════════════════════════════════════════════════════════════════════════════════════║
╬════════════════════════════════════════════════════════════════════════════════════════════════════════════════════════╬  
[2025-07-21 16:30:41] local.ERROR: ╬════════════════════════════════════════════════════════════════════════════════════════════════════════════════════════╬
║ EXCEPTION LOG ═══════════════════════════════════════════════════════════════════════════════════════════════════════
║ ⛔ [InvalidArgumentException]               ℹ️ 2025-07-21 16:30:41.470 ℹ️ ID: 87a70ae5-e310-4e3f-a670-0566304e8545 ║
║══════════════════════════════════════════════════════════════════════════════════════════════════════════════════════║
║ ℹ️ REQUEST INFO ════════════════════════════════════════════════════════════════════════════════════════════════════║
║ Request URL    : POST http://localhost:8918/api/auth/register/username                                               ║
║ Client IP      : 127.0.0.1                                                                                           ║
║ User Agent     : Apifox/1.0.0 (https://apifox.com)                                                                   ║
║ Request Params : {"name":"1111111111"}                                                                               ║
║ ⛔ EXCEPTION INFO ══════════════════════════════════════════════════════════════════════════════════════════════════║
║ Exception Code : 0                                                                                                   ║
║ Error Message  : Attribute [configureRateLimiting] does not exist.                                                   ║
║ Location       : \vendor\laravel\framework\src\Illuminate\Routing\RouteRegistrar.php:107                             ║
║ Environment    : local                                                                                               ║
║ STACK TRACE ═════════════════════════════════════════════════════════════════════════════════════════════════════════║
║ ║ #00 Illuminate\Routing\RouteRegistrar->attribute() in \vendor\laravel\framework\src\Illuminate\Routing\Router.php:1║
║ 367                                                                                                                  ║
║ ║ #01 Illuminate\Routing\Router->__call() in \vendor\laravel\framework\src\Illuminate\Support\Traits\ForwardsCalls.ph║
║ p:23                                                                                                                 ║
║ ║ #02 Illuminate\Foundation\Support\Providers\RouteServiceProvider->forwardCallTo() in \vendor\laravel\framework\src\║
║ Illuminate\Foundation\Support\Providers\RouteServiceProvider.php:136                                                 ║
║ ║ #03 Illuminate\Foundation\Support\Providers\RouteServiceProvider->__call() in \app\Providers\RouteServiceProvider.p║
║ hp:29                                                                                                                ║
║
║ END OF LOG ══════════════════════════════════════════════════════════════════════════════════════════════════════════║
╬════════════════════════════════════════════════════════════════════════════════════════════════════════════════════════╬  
[2025-07-21 16:41:24] local.ERROR: ╬════════════════════════════════════════════════════════════════════════════════════════════════════════════════════════╬
║ EXCEPTION LOG ═══════════════════════════════════════════════════════════════════════════════════════════════════════
║ ⛔ [ErrorException]                         ℹ️ 2025-07-21 16:41:24.174 ℹ️ ID: ddabbbff-db54-4248-834e-4356c3e64e17 ║
║══════════════════════════════════════════════════════════════════════════════════════════════════════════════════════║
║ ℹ️ REQUEST INFO ════════════════════════════════════════════════════════════════════════════════════════════════════║
║ Request URL    : POST http://localhost:8918/open/api/captcha                                                         ║
║ Client IP      : 127.0.0.1                                                                                           ║
║ User Agent     : Apifox/1.0.0 (https://apifox.com)                                                                   ║
║ Request Params : {"name":"1111111111"}                                                                               ║
║ ⛔ EXCEPTION INFO ══════════════════════════════════════════════════════════════════════════════════════════════════║
║ Exception Code : 0                                                                                                   ║
║ Error Message  : require(D:\project\ai-services\routes/api.php): Failed to open stream: No such file or directory    ║
║ Location       : \vendor\laravel\framework\src\Illuminate\Routing\RouteFileRegistrar.php:35                          ║
║ Environment    : local                                                                                               ║
║ STACK TRACE ═════════════════════════════════════════════════════════════════════════════════════════════════════════║
║ ║ #00 Illuminate\Foundation\Bootstrap\HandleExceptions->handleError() in \vendor\laravel\framework\src\Illuminate\Fou║
║ ndation\Bootstrap\HandleExceptions.php:228                                                                           ║
║ ║ #01 Illuminate\Foundation\Bootstrap\HandleExceptions->Illuminate\Foundation\Bootstrap\{closure}() in \vendor\larave║
║ l\framework\src\Illuminate\Routing\RouteFileRegistrar.php:35                                                         ║
║ ║ #02 require() in \vendor\laravel\framework\src\Illuminate\Routing\RouteFileRegistrar.php:35                        ║
║ ║ #03 Illuminate\Routing\RouteFileRegistrar->register() in \vendor\laravel\framework\src\Illuminate\Routing\Router.ph║
║ p:425                                                                                                                ║
║
║ END OF LOG ══════════════════════════════════════════════════════════════════════════════════════════════════════════║
╬════════════════════════════════════════════════════════════════════════════════════════════════════════════════════════╬  
[2025-07-21 16:42:36] local.ERROR: ╬════════════════════════════════════════════════════════════════════════════════════════════════════════════════════════╬
║ EXCEPTION LOG ═══════════════════════════════════════════════════════════════════════════════════════════════════════
║ ⛔ [ErrorException]                         ℹ️ 2025-07-21 16:42:36.209 ℹ️ ID: 6f61e8de-ac91-4832-bf49-84e5ac12f02b ║
║══════════════════════════════════════════════════════════════════════════════════════════════════════════════════════║
║ ℹ️ REQUEST INFO ════════════════════════════════════════════════════════════════════════════════════════════════════║
║ Request URL    : POST http://localhost:8918/open/api/captcha                                                         ║
║ Client IP      : 127.0.0.1                                                                                           ║
║ User Agent     : Apifox/1.0.0 (https://apifox.com)                                                                   ║
║ Request Params : {"name":"1111111111"}                                                                               ║
║ ⛔ EXCEPTION INFO ══════════════════════════════════════════════════════════════════════════════════════════════════║
║ Exception Code : 0                                                                                                   ║
║ Error Message  : Undefined array key "captcha_key"                                                                   ║
║ Location       : \app\Services\UsersService.php:268                                                                  ║
║ Environment    : local                                                                                               ║
║ STACK TRACE ═════════════════════════════════════════════════════════════════════════════════════════════════════════║
║ ║ #00 Illuminate\Foundation\Bootstrap\HandleExceptions->handleError() in \vendor\laravel\framework\src\Illuminate\Fou║
║ ndation\Bootstrap\HandleExceptions.php:228                                                                           ║
║ ║ #01 Illuminate\Foundation\Bootstrap\HandleExceptions->Illuminate\Foundation\Bootstrap\{closure}() in \app\Services\║
║ UsersService.php:268                                                                                                 ║
║ ║ #02 App\Services\UsersService->registerByUsername() in :0                                                          ║
║ ║ #03 class@anonymous D:\project\ai-services\app\Helpers\AopProxy.php:25$fa4->__call() in \app\Http\Controllers\OpenA║
║ pi\AuthController.php:32                                                                                             ║
║
║ END OF LOG ══════════════════════════════════════════════════════════════════════════════════════════════════════════║
╬════════════════════════════════════════════════════════════════════════════════════════════════════════════════════════╬  
[2025-07-21 17:31:42] local.ERROR: ╬════════════════════════════════════════════════════════════════════════════════════════════════════════════════════════╬
║ EXCEPTION LOG ═══════════════════════════════════════════════════════════════════════════════════════════════════════
║ ⛔ [ErrorException]                         ℹ️ 2025-07-21 17:31:42.110 ℹ️ ID: 90db64ef-d27a-4c53-9e3e-6894add92926 ║
║══════════════════════════════════════════════════════════════════════════════════════════════════════════════════════║
║ ℹ️ REQUEST INFO ════════════════════════════════════════════════════════════════════════════════════════════════════║
║ Request URL    : POST http://localhost:8918/open/api/captcha                                                         ║
║ Client IP      : 127.0.0.1                                                                                           ║
║ User Agent     : Apifox/1.0.0 (https://apifox.com)                                                                   ║
║ Request Params : {"name":"1111111111"}                                                                               ║
║ ⛔ EXCEPTION INFO ══════════════════════════════════════════════════════════════════════════════════════════════════║
║ Exception Code : 0                                                                                                   ║
║ Error Message  : imagettfbbox(): Could not find/open font                                                            ║
║ Location       : \app\Services\CaptchaService.php:175                                                                ║
║ Environment    : local                                                                                               ║
║ STACK TRACE ═════════════════════════════════════════════════════════════════════════════════════════════════════════║
║ ║ #00 Illuminate\Foundation\Bootstrap\HandleExceptions->handleError() in \vendor\laravel\framework\src\Illuminate\Fou║
║ ndation\Bootstrap\HandleExceptions.php:228                                                                           ║
║ ║ #01 Illuminate\Foundation\Bootstrap\HandleExceptions->Illuminate\Foundation\Bootstrap\{closure}() in :0            ║
║ ║ #02 imagettfbbox() in \app\Services\CaptchaService.php:175                                                         ║
║ ║ #03 App\Services\Captcha\CaptchaService->drawText() in \app\Services\CaptchaService.php:87                                 ║
║
║ END OF LOG ══════════════════════════════════════════════════════════════════════════════════════════════════════════║
╬════════════════════════════════════════════════════════════════════════════════════════════════════════════════════════╬  
[2025-07-21 17:37:17] local.ERROR: ╬════════════════════════════════════════════════════════════════════════════════════════════════════════════════════════╬
║ EXCEPTION LOG ═══════════════════════════════════════════════════════════════════════════════════════════════════════
║ ⛔ [TypeError]                              ℹ️ 2025-07-21 17:37:17.360 ℹ️ ID: 1ba34e4e-24b0-42f0-b304-f35b30c235ba ║
║══════════════════════════════════════════════════════════════════════════════════════════════════════════════════════║
║ ℹ️ REQUEST INFO ════════════════════════════════════════════════════════════════════════════════════════════════════║
║ Request URL    : POST http://localhost:8918/open/api/captcha                                                         ║
║ Client IP      : 127.0.0.1                                                                                           ║
║ User Agent     : Apifox/1.0.0 (https://apifox.com)                                                                   ║
║ Request Params : {"name":"1111111111"}                                                                               ║
║ ⛔ EXCEPTION INFO ══════════════════════════════════════════════════════════════════════════════════════════════════║
║ Exception Code : 0                                                                                                   ║
║ Error Message  : App\Libraries\Response::success(): Argument #1 ($data) must be of type array, string given, called i║
║ n D:\project\ai-services\app\Http\Controllers\OpenApi\AuthController.php on line 22                                  ║
║ Location       : \app\Libraries\Response.php:22                                                                      ║
║ Environment    : local                                                                                               ║
║ STACK TRACE ═════════════════════════════════════════════════════════════════════════════════════════════════════════║
║ ║ #00 App\Libraries\Response::success() in \app\Http\Controllers\OpenApi\AuthController.php:22                       ║
║ ║ #01 App\Http\Controllers\OpenApi\AuthController->captcha() in \vendor\laravel\framework\src\Illuminate\Routing\Cont║
║ roller.php:54                                                                                                        ║
║ ║ #02 Illuminate\Routing\Controller->callAction() in \vendor\laravel\framework\src\Illuminate\Routing\ControllerDispa║
║ tcher.php:45                                                                                                         ║
║ ║ #03 Illuminate\Routing\ControllerDispatcher->dispatch() in \vendor\laravel\framework\src\Illuminate\Routing\Route.p║
║ hp:261                                                                                                               ║
║
║ END OF LOG ══════════════════════════════════════════════════════════════════════════════════════════════════════════║
╬════════════════════════════════════════════════════════════════════════════════════════════════════════════════════════╬  
[2025-07-21 17:46:05] local.ERROR: ╬════════════════════════════════════════════════════════════════════════════════════════════════════════════════════════╬
║ EXCEPTION LOG ═══════════════════════════════════════════════════════════════════════════════════════════════════════
║ ⛔ [ErrorException]                         ℹ️ 2025-07-21 17:46:05.118 ℹ️ ID: 86582fbb-c9ae-4edc-b373-825de7bb6cf1 ║
║══════════════════════════════════════════════════════════════════════════════════════════════════════════════════════║
║ ℹ️ REQUEST INFO ════════════════════════════════════════════════════════════════════════════════════════════════════║
║ Request URL    : POST http://localhost:8918/open/api/register/username                                               ║
║ Client IP      : 127.0.0.1                                                                                           ║
║ User Agent     : Apifox/1.0.0 (https://apifox.com)                                                                   ║
║ Request Params : {"name":"1111111111"}                                                                               ║
║ ⛔ EXCEPTION INFO ══════════════════════════════════════════════════════════════════════════════════════════════════║
║ Exception Code : 0                                                                                                   ║
║ Error Message  : Undefined array key "captcha_code"                                                                  ║
║ Location       : \app\Services\AuthService.php:76                                                                    ║
║ Environment    : local                                                                                               ║
║ STACK TRACE ═════════════════════════════════════════════════════════════════════════════════════════════════════════║
║ ║ #00 Illuminate\Foundation\Bootstrap\HandleExceptions->handleError() in \vendor\laravel\framework\src\Illuminate\Fou║
║ ndation\Bootstrap\HandleExceptions.php:228                                                                           ║
║ ║ #01 Illuminate\Foundation\Bootstrap\HandleExceptions->Illuminate\Foundation\Bootstrap\{closure}() in \app\Services\║
║ AuthService.php:76                                                                                                   ║
║ ║ #02 App\Services\AuthService->registerByUsername() in \app\Http\Controllers\OpenApi\AuthController.php:47          ║
║ ║ #03 App\Http\Controllers\OpenApi\AuthController->registerByUsername() in \vendor\laravel\framework\src\Illuminate\R║
║ outing\Controller.php:54                                                                                             ║
║
║ END OF LOG ══════════════════════════════════════════════════════════════════════════════════════════════════════════║
╬════════════════════════════════════════════════════════════════════════════════════════════════════════════════════════╬  
[2025-07-21 17:52:18] local.ERROR: ╬════════════════════════════════════════════════════════════════════════════════════════════════════════════════════════╬
║ EXCEPTION LOG ═══════════════════════════════════════════════════════════════════════════════════════════════════════
║ ⛔ [App\Exceptions\BusinessException]       ℹ️ 2025-07-21 17:52:18.262 ℹ️ ID: effbce42-4915-454d-8518-4d0bf8d50a78 ║
║══════════════════════════════════════════════════════════════════════════════════════════════════════════════════════║
║ ℹ️ REQUEST INFO ════════════════════════════════════════════════════════════════════════════════════════════════════║
║ Request URL    : POST http://localhost:8918/open/api/register/username                                               ║
║ Client IP      : 127.0.0.1                                                                                           ║
║ User Agent     : Apifox/1.0.0 (https://apifox.com)                                                                   ║
║ Request Params : {"captcha_code":"1111111111"}                                                                       ║
║ ⛔ EXCEPTION INFO ══════════════════════════════════════════════════════════════════════════════════════════════════║
║ Exception Code : 600007                                                                                              ║
║ Error Message  : 验证码长度错误                                                                                             ║
║ Location       : \app\Services\CaptchaService.php:224                                                                ║
║ Environment    : local                                                                                               ║
║ STACK TRACE ═════════════════════════════════════════════════════════════════════════════════════════════════════════║
║ ║ #00 App\Services\Captcha\CaptchaService->validate() in \app\Services\AuthService.php:76                                    ║
║ ║ #01 App\Services\AuthService->registerByUsername() in \app\Http\Controllers\OpenApi\AuthController.php:47          ║
║ ║ #02 App\Http\Controllers\OpenApi\AuthController->registerByUsername() in \vendor\laravel\framework\src\Illuminate\R║
║ outing\Controller.php:54                                                                                             ║
║ ║ #03 Illuminate\Routing\Controller->callAction() in \vendor\laravel\framework\src\Illuminate\Routing\ControllerDispa║
║ tcher.php:45                                                                                                         ║
║
║ END OF LOG ══════════════════════════════════════════════════════════════════════════════════════════════════════════║
╬════════════════════════════════════════════════════════════════════════════════════════════════════════════════════════╬  
[2025-07-21 17:52:29] local.ERROR: ╬════════════════════════════════════════════════════════════════════════════════════════════════════════════════════════╬
║ EXCEPTION LOG ═══════════════════════════════════════════════════════════════════════════════════════════════════════
║ ⛔ [App\Exceptions\BusinessException]       ℹ️ 2025-07-21 17:52:29.591 ℹ️ ID: 2079e377-40ea-48d0-b387-62bc26b24455 ║
║══════════════════════════════════════════════════════════════════════════════════════════════════════════════════════║
║ ℹ️ REQUEST INFO ════════════════════════════════════════════════════════════════════════════════════════════════════║
║ Request URL    : POST http://localhost:8918/open/api/register/username                                               ║
║ Client IP      : 127.0.0.1                                                                                           ║
║ User Agent     : Apifox/1.0.0 (https://apifox.com)                                                                   ║
║ Request Params : {"captcha_code":"11111"}                                                                            ║
║ ⛔ EXCEPTION INFO ══════════════════════════════════════════════════════════════════════════════════════════════════║
║ Exception Code : 600008                                                                                              ║
║ Error Message  : 验证码已过期                                                                                              ║
║ Location       : \app\Services\CaptchaService.php:236                                                                ║
║ Environment    : local                                                                                               ║
║ STACK TRACE ═════════════════════════════════════════════════════════════════════════════════════════════════════════║
║ ║ #00 App\Services\Captcha\CaptchaService->validate() in \app\Services\AuthService.php:76                                    ║
║ ║ #01 App\Services\AuthService->registerByUsername() in \app\Http\Controllers\OpenApi\AuthController.php:47          ║
║ ║ #02 App\Http\Controllers\OpenApi\AuthController->registerByUsername() in \vendor\laravel\framework\src\Illuminate\R║
║ outing\Controller.php:54                                                                                             ║
║ ║ #03 Illuminate\Routing\Controller->callAction() in \vendor\laravel\framework\src\Illuminate\Routing\ControllerDispa║
║ tcher.php:45                                                                                                         ║
║
║ END OF LOG ══════════════════════════════════════════════════════════════════════════════════════════════════════════║
╬════════════════════════════════════════════════════════════════════════════════════════════════════════════════════════╬  
[2025-07-21 18:25:28] local.ERROR: ╬════════════════════════════════════════════════════════════════════════════════════════════════════════════════════════╬
║ EXCEPTION LOG ═══════════════════════════════════════════════════════════════════════════════════════════════════════
║ ⛔ [Error]                                  ℹ️ 2025-07-21 18:25:28.123 ℹ️ ID: 3bbb4a74-17ac-49fe-bccf-2b1144285028 ║
║══════════════════════════════════════════════════════════════════════════════════════════════════════════════════════║
║ ℹ️ REQUEST INFO ════════════════════════════════════════════════════════════════════════════════════════════════════║
║ Request URL    : GET http://localhost:8918/open/api/captcha                                                          ║
║ Client IP      : 127.0.0.1                                                                                           ║
║ User Agent     : Apifox/1.0.0 (https://apifox.com)                                                                   ║
║ Request Params : []                                                                                                  ║
║ ⛔ EXCEPTION INFO ══════════════════════════════════════════════════════════════════════════════════════════════════║
║ Exception Code : 0                                                                                                   ║
║ Error Message  : Call to undefined method App\Libraries\Predis::pipeline()                                           ║
║ Location       : \app\Services\CaptchaService.php:163                                                                ║
║ Environment    : local                                                                                               ║
║ STACK TRACE ═════════════════════════════════════════════════════════════════════════════════════════════════════════║
║ ║ #00 App\Services\Captcha\CaptchaService->generate() in \app\Http\Controllers\OpenApi\AuthController.php:20                 ║
║ ║ #01 App\Http\Controllers\OpenApi\AuthController->captcha() in \vendor\laravel\framework\src\Illuminate\Routing\Cont║
║ roller.php:54                                                                                                        ║
║ ║ #02 Illuminate\Routing\Controller->callAction() in \vendor\laravel\framework\src\Illuminate\Routing\ControllerDispa║
║ tcher.php:45                                                                                                         ║
║ ║ #03 Illuminate\Routing\ControllerDispatcher->dispatch() in \vendor\laravel\framework\src\Illuminate\Routing\Route.p║
║ hp:261                                                                                                               ║
║
║ END OF LOG ══════════════════════════════════════════════════════════════════════════════════════════════════════════║
╬════════════════════════════════════════════════════════════════════════════════════════════════════════════════════════╬  
[2025-07-21 18:32:07] local.ERROR: ╬════════════════════════════════════════════════════════════════════════════════════════════════════════════════════════╬
║ EXCEPTION LOG ═══════════════════════════════════════════════════════════════════════════════════════════════════════
║ ⛔ [App\Exceptions\BusinessException]       ℹ️ 2025-07-21 18:32:07.826 ℹ️ ID: 2926eab8-c015-4117-8f22-cabfe8f4e37c ║
║══════════════════════════════════════════════════════════════════════════════════════════════════════════════════════║
║ ℹ️ REQUEST INFO ════════════════════════════════════════════════════════════════════════════════════════════════════║
║ Request URL    : POST http://localhost:8918/open/api/register/username                                               ║
║ Client IP      : 127.0.0.1                                                                                           ║
║ User Agent     : Apifox/1.0.0 (https://apifox.com)                                                                   ║
║ Request Params : {"captcha_code":"11111"}                                                                            ║
║ ⛔ EXCEPTION INFO ══════════════════════════════════════════════════════════════════════════════════════════════════║
║ Exception Code : 600006                                                                                              ║
║ Error Message  : 验证码错误                                                                                               ║
║ Location       : \app\Services\CaptchaService.php:345                                                                ║
║ Environment    : local                                                                                               ║
║ STACK TRACE ═════════════════════════════════════════════════════════════════════════════════════════════════════════║
║ ║ #00 App\Services\Captcha\CaptchaService->validate() in \app\Services\AuthService.php:76                                    ║
║ ║ #01 App\Services\AuthService->registerByUsername() in \app\Http\Controllers\OpenApi\AuthController.php:47          ║
║ ║ #02 App\Http\Controllers\OpenApi\AuthController->registerByUsername() in \vendor\laravel\framework\src\Illuminate\R║
║ outing\Controller.php:54                                                                                             ║
║ ║ #03 Illuminate\Routing\Controller->callAction() in \vendor\laravel\framework\src\Illuminate\Routing\ControllerDispa║
║ tcher.php:45                                                                                                         ║
║
║ END OF LOG ══════════════════════════════════════════════════════════════════════════════════════════════════════════║
╬════════════════════════════════════════════════════════════════════════════════════════════════════════════════════════╬  
[2025-07-21 18:32:52] local.ERROR: ╬════════════════════════════════════════════════════════════════════════════════════════════════════════════════════════╬
║ EXCEPTION LOG ═══════════════════════════════════════════════════════════════════════════════════════════════════════
║ ⛔ [App\Exceptions\BusinessException]       ℹ️ 2025-07-21 18:32:52.732 ℹ️ ID: cf0cd6e0-0b1a-4411-8a0c-1455405bfbaa ║
║══════════════════════════════════════════════════════════════════════════════════════════════════════════════════════║
║ ℹ️ REQUEST INFO ════════════════════════════════════════════════════════════════════════════════════════════════════║
║ Request URL    : POST http://localhost:8918/open/api/register/username                                               ║
║ Client IP      : 127.0.0.1                                                                                           ║
║ User Agent     : Apifox/1.0.0 (https://apifox.com)                                                                   ║
║ Request Params : {"captcha_code":"11111"}                                                                            ║
║ ⛔ EXCEPTION INFO ══════════════════════════════════════════════════════════════════════════════════════════════════║
║ Exception Code : 600008                                                                                              ║
║ Error Message  : 验证码已过期                                                                                              ║
║ Location       : \app\Services\CaptchaService.php:339                                                                ║
║ Environment    : local                                                                                               ║
║ STACK TRACE ═════════════════════════════════════════════════════════════════════════════════════════════════════════║
║ ║ #00 App\Services\Captcha\CaptchaService->validate() in \app\Services\AuthService.php:76                                    ║
║ ║ #01 App\Services\AuthService->registerByUsername() in \app\Http\Controllers\OpenApi\AuthController.php:47          ║
║ ║ #02 App\Http\Controllers\OpenApi\AuthController->registerByUsername() in \vendor\laravel\framework\src\Illuminate\R║
║ outing\Controller.php:54                                                                                             ║
║ ║ #03 Illuminate\Routing\Controller->callAction() in \vendor\laravel\framework\src\Illuminate\Routing\ControllerDispa║
║ tcher.php:45                                                                                                         ║
║
║ END OF LOG ══════════════════════════════════════════════════════════════════════════════════════════════════════════║
╬════════════════════════════════════════════════════════════════════════════════════════════════════════════════════════╬  
[2025-07-21 18:33:21] local.ERROR: ╬════════════════════════════════════════════════════════════════════════════════════════════════════════════════════════╬
║ EXCEPTION LOG ═══════════════════════════════════════════════════════════════════════════════════════════════════════
║ ⛔ [App\Exceptions\BusinessException]       ℹ️ 2025-07-21 18:33:21.306 ℹ️ ID: f31e4b49-d3cd-4491-a653-f3eeeeab188d ║
║══════════════════════════════════════════════════════════════════════════════════════════════════════════════════════║
║ ℹ️ REQUEST INFO ════════════════════════════════════════════════════════════════════════════════════════════════════║
║ Request URL    : POST http://localhost:8918/open/api/register/username                                               ║
║ Client IP      : 127.0.0.1                                                                                           ║
║ User Agent     : Apifox/1.0.0 (https://apifox.com)                                                                   ║
║ Request Params : {"captcha_code":"d5cyc"}                                                                            ║
║ ⛔ EXCEPTION INFO ══════════════════════════════════════════════════════════════════════════════════════════════════║
║ Exception Code : 600008                                                                                              ║
║ Error Message  : 验证码已过期                                                                                              ║
║ Location       : \app\Services\CaptchaService.php:339                                                                ║
║ Environment    : local                                                                                               ║
║ STACK TRACE ═════════════════════════════════════════════════════════════════════════════════════════════════════════║
║ ║ #00 App\Services\Captcha\CaptchaService->validate() in \app\Services\AuthService.php:76                                    ║
║ ║ #01 App\Services\AuthService->registerByUsername() in \app\Http\Controllers\OpenApi\AuthController.php:47          ║
║ ║ #02 App\Http\Controllers\OpenApi\AuthController->registerByUsername() in \vendor\laravel\framework\src\Illuminate\R║
║ outing\Controller.php:54                                                                                             ║
║ ║ #03 Illuminate\Routing\Controller->callAction() in \vendor\laravel\framework\src\Illuminate\Routing\ControllerDispa║
║ tcher.php:45                                                                                                         ║
║
║ END OF LOG ══════════════════════════════════════════════════════════════════════════════════════════════════════════║
╬════════════════════════════════════════════════════════════════════════════════════════════════════════════════════════╬  
