[2025-07-29 15:04:15] local.ERROR: ╬════════════════════════════════════════════════════════════════════════════════════════════════════════════════════════╬
║ EXCEPTION LOG ═══════════════════════════════════════════════════════════════════════════════════════════════════════
║ ⛔ [ArgumentCountError]                     ℹ️ 2025-07-29 15:04:15.514 ℹ️ ID: 71e07816-eb3d-4bd9-a00a-863b9e447872 ║
║══════════════════════════════════════════════════════════════════════════════════════════════════════════════════════║
║ ℹ️ REQUEST INFO ════════════════════════════════════════════════════════════════════════════════════════════════════║
║ Request URL    : POST http://localhost:8918/auth/login                                                               ║
║ Client IP      : 127.0.0.1                                                                                           ║
║ User Agent     : Apifox/1.0.0 (https://apifox.com)                                                                   ║
║ Request Params : []                                                                                                  ║
║ ⛔ EXCEPTION INFO ══════════════════════════════════════════════════════════════════════════════════════════════════║
║ Exception Code : 0                                                                                                   ║
║ Error Message  : Too few arguments to function App\Services\JwtService::__construct(), 0 passed in D:\project\ai-serv║
║ ices\app\Providers\AuthServiceProvider.php on line 29 and exactly 3 expected                                         ║
║ Location       : \app\Services\JwtService.php:17                                                                     ║
║ Environment    : local                                                                                               ║
║ STACK TRACE ═════════════════════════════════════════════════════════════════════════════════════════════════════════║
║ ║ #00 App\Services\JwtService->__construct() in \app\Providers\AuthServiceProvider.php:29                            ║
║ ║ #01 App\Providers\AuthServiceProvider->App\Providers\{closure}() in \vendor\laravel\framework\src\Illuminate\Contai║
║ ner\Container.php:873                                                                                                ║
║ ║ #02 Illuminate\Container\Container->build() in \vendor\laravel\framework\src\Illuminate\Container\Container.php:758║
║ ║ #03 Illuminate\Container\Container->resolve() in \vendor\laravel\framework\src\Illuminate\Foundation\Application.ph║
║ p:855                                                                                                                ║
║
║ END OF LOG ══════════════════════════════════════════════════════════════════════════════════════════════════════════║
╬════════════════════════════════════════════════════════════════════════════════════════════════════════════════════════╬  
[2025-07-29 15:04:15] local.ERROR: ╬════════════════════════════════════════════════════════════════════════════════════════════════════════════════════════╬
║ EXCEPTION LOG ═══════════════════════════════════════════════════════════════════════════════════════════════════════
║ ⛔ [Symfony\Component\ErrorHandler\Error\FatalError] ℹ️ 2025-07-29 15:04:15.528 ℹ️ ID: d42c41b5-13e2-4e90-a981-94430e5b0ce8 ║
║══════════════════════════════════════════════════════════════════════════════════════════════════════════════════════║
║ ℹ️ REQUEST INFO ════════════════════════════════════════════════════════════════════════════════════════════════════║
║ Request URL    : POST http://localhost:8918/auth/login                                                               ║
║ Client IP      : 127.0.0.1                                                                                           ║
║ User Agent     : Apifox/1.0.0 (https://apifox.com)                                                                   ║
║ Request Params : []                                                                                                  ║
║ ⛔ EXCEPTION INFO ══════════════════════════════════════════════════════════════════════════════════════════════════║
║ Exception Code : 0                                                                                                   ║
║ Error Message  : Class App\Guards\JwtGuard contains 1 abstract method and must therefore be declared abstract or impl║
║ ement the remaining methods (Illuminate\Contracts\Auth\Guard::hasUser)                                               ║
║ Location       : \app\Guards\JwtGuard.php:10                                                                         ║
║ Environment    : local                                                                                               ║
║ STACK TRACE ═════════════════════════════════════════════════════════════════════════════════════════════════════════║
║
║ END OF LOG ══════════════════════════════════════════════════════════════════════════════════════════════════════════║
╬════════════════════════════════════════════════════════════════════════════════════════════════════════════════════════╬  
[2025-07-29 16:32:02] local.ERROR: ╬════════════════════════════════════════════════════════════════════════════════════════════════════════════════════════╬
║ EXCEPTION LOG ═══════════════════════════════════════════════════════════════════════════════════════════════════════
║ ⛔ [Error]                                  ℹ️ 2025-07-29 16:32:02.900 ℹ️ ID: c5ba66be-f407-43eb-8360-f93ec8d4a1d3 ║
║══════════════════════════════════════════════════════════════════════════════════════════════════════════════════════║
║ ℹ️ REQUEST INFO ════════════════════════════════════════════════════════════════════════════════════════════════════║
║ Request URL    : POST http://localhost:8918/auth/register                                                            ║
║ Client IP      : 127.0.0.1                                                                                           ║
║ User Agent     : Apifox/1.0.0 (https://apifox.com)                                                                   ║
║ Request Params : []                                                                                                  ║
║ ⛔ EXCEPTION INFO ══════════════════════════════════════════════════════════════════════════════════════════════════║
║ Exception Code : 0                                                                                                   ║
║ Error Message  : Call to undefined method Illuminate\Support\Facades\Request::all()                                  ║
║ Location       : \app\Http\Controllers\AuthController.php:16                                                         ║
║ Environment    : local                                                                                               ║
║ STACK TRACE ═════════════════════════════════════════════════════════════════════════════════════════════════════════║
║ ║ #00 App\Http\Controllers\AuthController->register() in \vendor\laravel\framework\src\Illuminate\Routing\Controller.║
║ php:54                                                                                                               ║
║ ║ #01 Illuminate\Routing\Controller->callAction() in \vendor\laravel\framework\src\Illuminate\Routing\ControllerDispa║
║ tcher.php:45                                                                                                         ║
║ ║ #02 Illuminate\Routing\ControllerDispatcher->dispatch() in \vendor\laravel\framework\src\Illuminate\Routing\Route.p║
║ hp:261                                                                                                               ║
║ ║ #03 Illuminate\Routing\Route->runController() in \vendor\laravel\framework\src\Illuminate\Routing\Route.php:204    ║
║
║ END OF LOG ══════════════════════════════════════════════════════════════════════════════════════════════════════════║
╬════════════════════════════════════════════════════════════════════════════════════════════════════════════════════════╬  
[2025-07-29 16:32:02] local.ERROR: ╬════════════════════════════════════════════════════════════════════════════════════════════════════════════════════════╬
║ EXCEPTION LOG ═══════════════════════════════════════════════════════════════════════════════════════════════════════
║ ⛔ [Symfony\Component\ErrorHandler\Error\FatalError] ℹ️ 2025-07-29 16:32:02.913 ℹ️ ID: 70c8393d-f24b-4882-81ea-42884f6c64b9 ║
║══════════════════════════════════════════════════════════════════════════════════════════════════════════════════════║
║ ℹ️ REQUEST INFO ════════════════════════════════════════════════════════════════════════════════════════════════════║
║ Request URL    : POST http://localhost:8918/auth/register                                                            ║
║ Client IP      : 127.0.0.1                                                                                           ║
║ User Agent     : Apifox/1.0.0 (https://apifox.com)                                                                   ║
║ Request Params : []                                                                                                  ║
║ ⛔ EXCEPTION INFO ══════════════════════════════════════════════════════════════════════════════════════════════════║
║ Exception Code : 0                                                                                                   ║
║ Error Message  : Class App\Guards\JwtGuard contains 1 abstract method and must therefore be declared abstract or impl║
║ ement the remaining methods (Illuminate\Contracts\Auth\Guard::hasUser)                                               ║
║ Location       : \app\Guards\JwtGuard.php:10                                                                         ║
║ Environment    : local                                                                                               ║
║ STACK TRACE ═════════════════════════════════════════════════════════════════════════════════════════════════════════║
║
║ END OF LOG ══════════════════════════════════════════════════════════════════════════════════════════════════════════║
╬════════════════════════════════════════════════════════════════════════════════════════════════════════════════════════╬  
[2025-07-29 16:32:23] local.ERROR: ╬════════════════════════════════════════════════════════════════════════════════════════════════════════════════════════╬
║ EXCEPTION LOG ═══════════════════════════════════════════════════════════════════════════════════════════════════════
║ ⛔ [Error]                                  ℹ️ 2025-07-29 16:32:23.005 ℹ️ ID: 7c073bc9-1332-4184-9b3b-d875a9fb78dc ║
║══════════════════════════════════════════════════════════════════════════════════════════════════════════════════════║
║ ℹ️ REQUEST INFO ════════════════════════════════════════════════════════════════════════════════════════════════════║
║ Request URL    : POST http://localhost:8918/auth/register                                                            ║
║ Client IP      : 127.0.0.1                                                                                           ║
║ User Agent     : Apifox/1.0.0 (https://apifox.com)                                                                   ║
║ Request Params : {"tenant_name":"\u828b\u9053\u6e90\u7801","nickname":"test","tenant_id":"1","username":"test","confi║
║ rm_password":"admin123"}                                                                                             ║
║ ⛔ EXCEPTION INFO ══════════════════════════════════════════════════════════════════════════════════════════════════║
║ Exception Code : 0                                                                                                   ║
║ Error Message  : Call to undefined method Illuminate\Support\Facades\Request::all()                                  ║
║ Location       : \app\Http\Controllers\AuthController.php:16                                                         ║
║ Environment    : local                                                                                               ║
║ STACK TRACE ═════════════════════════════════════════════════════════════════════════════════════════════════════════║
║ ║ #00 App\Http\Controllers\AuthController->register() in \vendor\laravel\framework\src\Illuminate\Routing\Controller.║
║ php:54                                                                                                               ║
║ ║ #01 Illuminate\Routing\Controller->callAction() in \vendor\laravel\framework\src\Illuminate\Routing\ControllerDispa║
║ tcher.php:45                                                                                                         ║
║ ║ #02 Illuminate\Routing\ControllerDispatcher->dispatch() in \vendor\laravel\framework\src\Illuminate\Routing\Route.p║
║ hp:261                                                                                                               ║
║ ║ #03 Illuminate\Routing\Route->runController() in \vendor\laravel\framework\src\Illuminate\Routing\Route.php:204    ║
║
║ END OF LOG ══════════════════════════════════════════════════════════════════════════════════════════════════════════║
╬════════════════════════════════════════════════════════════════════════════════════════════════════════════════════════╬  
[2025-07-29 16:32:23] local.ERROR: ╬════════════════════════════════════════════════════════════════════════════════════════════════════════════════════════╬
║ EXCEPTION LOG ═══════════════════════════════════════════════════════════════════════════════════════════════════════
║ ⛔ [Symfony\Component\ErrorHandler\Error\FatalError] ℹ️ 2025-07-29 16:32:23.015 ℹ️ ID: 44bd1e9c-21d2-492c-a284-a3b212e5a007 ║
║══════════════════════════════════════════════════════════════════════════════════════════════════════════════════════║
║ ℹ️ REQUEST INFO ════════════════════════════════════════════════════════════════════════════════════════════════════║
║ Request URL    : POST http://localhost:8918/auth/register                                                            ║
║ Client IP      : 127.0.0.1                                                                                           ║
║ User Agent     : Apifox/1.0.0 (https://apifox.com)                                                                   ║
║ Request Params : {"tenant_name":"\u828b\u9053\u6e90\u7801","nickname":"test","tenant_id":"1","username":"test","confi║
║ rm_password":"admin123"}                                                                                             ║
║ ⛔ EXCEPTION INFO ══════════════════════════════════════════════════════════════════════════════════════════════════║
║ Exception Code : 0                                                                                                   ║
║ Error Message  : Class App\Guards\JwtGuard contains 1 abstract method and must therefore be declared abstract or impl║
║ ement the remaining methods (Illuminate\Contracts\Auth\Guard::hasUser)                                               ║
║ Location       : \app\Guards\JwtGuard.php:10                                                                         ║
║ Environment    : local                                                                                               ║
║ STACK TRACE ═════════════════════════════════════════════════════════════════════════════════════════════════════════║
║
║ END OF LOG ══════════════════════════════════════════════════════════════════════════════════════════════════════════║
╬════════════════════════════════════════════════════════════════════════════════════════════════════════════════════════╬  
[2025-07-29 16:33:01] local.ERROR: ╬════════════════════════════════════════════════════════════════════════════════════════════════════════════════════════╬
║ EXCEPTION LOG ═══════════════════════════════════════════════════════════════════════════════════════════════════════
║ ⛔ [Error]                                  ℹ️ 2025-07-29 16:33:01.983 ℹ️ ID: 3921fc6c-ecb7-41d0-bf56-bc9bc0baadd1 ║
║══════════════════════════════════════════════════════════════════════════════════════════════════════════════════════║
║ ℹ️ REQUEST INFO ════════════════════════════════════════════════════════════════════════════════════════════════════║
║ Request URL    : POST http://localhost:8918/auth/register                                                            ║
║ Client IP      : 127.0.0.1                                                                                           ║
║ User Agent     : Apifox/1.0.0 (https://apifox.com)                                                                   ║
║ Request Params : {"tenant_name":"\u828b\u9053\u6e90\u7801","nickname":"test","tenant_id":"1","username":"test","confi║
║ rm_password":"admin123"}                                                                                             ║
║ ⛔ EXCEPTION INFO ══════════════════════════════════════════════════════════════════════════════════════════════════║
║ Exception Code : 0                                                                                                   ║
║ Error Message  : Call to undefined method Illuminate\Support\Facades\Request::all()                                  ║
║ Location       : \app\Http\Controllers\AuthController.php:16                                                         ║
║ Environment    : local                                                                                               ║
║ STACK TRACE ═════════════════════════════════════════════════════════════════════════════════════════════════════════║
║ ║ #00 App\Http\Controllers\AuthController->register() in \vendor\laravel\framework\src\Illuminate\Routing\Controller.║
║ php:54                                                                                                               ║
║ ║ #01 Illuminate\Routing\Controller->callAction() in \vendor\laravel\framework\src\Illuminate\Routing\ControllerDispa║
║ tcher.php:45                                                                                                         ║
║ ║ #02 Illuminate\Routing\ControllerDispatcher->dispatch() in \vendor\laravel\framework\src\Illuminate\Routing\Route.p║
║ hp:261                                                                                                               ║
║ ║ #03 Illuminate\Routing\Route->runController() in \vendor\laravel\framework\src\Illuminate\Routing\Route.php:204    ║
║
║ END OF LOG ══════════════════════════════════════════════════════════════════════════════════════════════════════════║
╬════════════════════════════════════════════════════════════════════════════════════════════════════════════════════════╬  
[2025-07-29 17:02:20] local.ERROR: ╬════════════════════════════════════════════════════════════════════════════════════════════════════════════════════════╬
║ EXCEPTION LOG ═══════════════════════════════════════════════════════════════════════════════════════════════════════
║ ⛔ [ErrorException]                         ℹ️ 2025-07-29 17:02:20.888 ℹ️ ID: 5dbf6781-af7f-403e-b747-f09be5f3fbf5 ║
║══════════════════════════════════════════════════════════════════════════════════════════════════════════════════════║
║ ℹ️ REQUEST INFO ════════════════════════════════════════════════════════════════════════════════════════════════════║
║ Request URL    : POST http://localhost:8918/auth/register                                                            ║
║ Client IP      : 127.0.0.1                                                                                           ║
║ User Agent     : Apifox/1.0.0 (https://apifox.com)                                                                   ║
║ Request Params : {"tenant_name":"\u828b\u9053\u6e90\u7801","nickname":"test","tenant_id":"1","username":"test","confi║
║ rm_password":"admin123"}                                                                                             ║
║ ⛔ EXCEPTION INFO ══════════════════════════════════════════════════════════════════════════════════════════════════║
║ Exception Code : 0                                                                                                   ║
║ Error Message  : Undefined array key "name"                                                                          ║
║ Location       : \app\Services\Common\Auth\AuthService.php:30                                                        ║
║ Environment    : local                                                                                               ║
║ STACK TRACE ═════════════════════════════════════════════════════════════════════════════════════════════════════════║
║ ║ #00 Illuminate\Foundation\Bootstrap\HandleExceptions->handleError() in \vendor\laravel\framework\src\Illuminate\Fou║
║ ndation\Bootstrap\HandleExceptions.php:228                                                                           ║
║ ║ #01 Illuminate\Foundation\Bootstrap\HandleExceptions->Illuminate\Foundation\Bootstrap\{closure}() in \app\Services\║
║ Common\Auth\AuthService.php:30                                                                                       ║
║ ║ #02 App\Services\Common\Auth\AuthService->register() in :0                                                         ║
║ ║ #03 class@anonymous D:\project\ai-services\app\Helpers\AopProxy.php:25$5b8->__call() in \app\Http\Controllers\AuthC║
║ ontroller.php:20                                                                                                     ║
║
║ END OF LOG ══════════════════════════════════════════════════════════════════════════════════════════════════════════║
╬════════════════════════════════════════════════════════════════════════════════════════════════════════════════════════╬  
[2025-07-29 17:02:41] local.ERROR: ╬════════════════════════════════════════════════════════════════════════════════════════════════════════════════════════╬
║ EXCEPTION LOG ═══════════════════════════════════════════════════════════════════════════════════════════════════════
║ ⛔ [App\Exceptions\BusinessException]       ℹ️ 2025-07-29 17:02:41.971 ℹ️ ID: a70c72ee-bc6c-4961-b34d-f2ae4cf4c4f7 ║
║══════════════════════════════════════════════════════════════════════════════════════════════════════════════════════║
║ ℹ️ REQUEST INFO ════════════════════════════════════════════════════════════════════════════════════════════════════║
║ Request URL    : POST http://localhost:8918/auth/register                                                            ║
║ Client IP      : 127.0.0.1                                                                                           ║
║ User Agent     : Apifox/1.0.0 (https://apifox.com)                                                                   ║
║ Request Params : {"tenant_name":"\u828b\u9053\u6e90\u7801","nickname":"test","tenant_id":"1","username":"test","confi║
║ rm_password":"admin123"}                                                                                             ║
║ ⛔ EXCEPTION INFO ══════════════════════════════════════════════════════════════════════════════════════════════════║
║ Exception Code : 500004                                                                                              ║
║ Error Message  : 账号已存在                                                                                               ║
║ Location       : \app\Services\Common\Auth\AuthService.php:31                                                        ║
║ Environment    : local                                                                                               ║
║ STACK TRACE ═════════════════════════════════════════════════════════════════════════════════════════════════════════║
║ ║ #00 App\Services\Common\Auth\AuthService->register() in :0                                                         ║
║ ║ #01 class@anonymous D:\project\ai-services\app\Helpers\AopProxy.php:25$6c5->__call() in \app\Http\Controllers\AuthC║
║ ontroller.php:20                                                                                                     ║
║ ║ #02 App\Http\Controllers\AuthController->register() in \vendor\laravel\framework\src\Illuminate\Routing\Controller.║
║ php:54                                                                                                               ║
║ ║ #03 Illuminate\Routing\Controller->callAction() in \vendor\laravel\framework\src\Illuminate\Routing\ControllerDispa║
║ tcher.php:45                                                                                                         ║
║
║ END OF LOG ══════════════════════════════════════════════════════════════════════════════════════════════════════════║
╬════════════════════════════════════════════════════════════════════════════════════════════════════════════════════════╬  
[2025-07-29 17:42:22] local.ERROR: ╬════════════════════════════════════════════════════════════════════════════════════════════════════════════════════════╬
║ EXCEPTION LOG ═══════════════════════════════════════════════════════════════════════════════════════════════════════
║ ⛔ [Illuminate\Database\QueryException]     ℹ️ 2025-07-29 17:42:22.947 ℹ️ ID: 6dd1cb3d-069d-436c-9cf6-a612778cd21d ║
║══════════════════════════════════════════════════════════════════════════════════════════════════════════════════════║
║ ℹ️ REQUEST INFO ════════════════════════════════════════════════════════════════════════════════════════════════════║
║ Request URL    : POST http://localhost:8918/auth/register                                                            ║
║ Client IP      : 127.0.0.1                                                                                           ║
║ User Agent     : Apifox/1.0.0 (https://apifox.com)                                                                   ║
║ Request Params : {"tenant_name":"\u828b\u9053\u6e90\u7801","nickname":"test1","tenant_id":"1","username":"test","conf║
║ irm_password":"admin123"}                                                                                            ║
║ ⛔ EXCEPTION INFO ══════════════════════════════════════════════════════════════════════════════════════════════════║
║ Exception Code : 42S22                                                                                               ║
║ Error Message  : SQLSTATE[42S22]: Column not found: 1054 Unknown column 'tenant_id' in 'field list' (SQL: select `sta║
║ tus`, `tenant_id`, `name` from `system_tenant` where `tenant_id` = 1 limit 1)                                        ║
║ Location       : \vendor\laravel\framework\src\Illuminate\Database\Connection.php:712                                ║
║ Environment    : local                                                                                               ║
║ STACK TRACE ═════════════════════════════════════════════════════════════════════════════════════════════════════════║
║ ║ #00 Illuminate\Database\Connection->runQueryCallback() in \vendor\laravel\framework\src\Illuminate\Database\Connect║
║ ion.php:672                                                                                                          ║
║ ║ #01 Illuminate\Database\Connection->run() in \vendor\laravel\framework\src\Illuminate\Database\Connection.php:376  ║
║ ║ #02 Illuminate\Database\Connection->select() in \vendor\laravel\framework\src\Illuminate\Database\Query\Builder.php║
║ :2484                                                                                                                ║
║ ║ #03 Illuminate\Database\Query\Builder->runSelect() in \vendor\laravel\framework\src\Illuminate\Database\Query\Build║
║ er.php:2472                                                                                                          ║
║
║ END OF LOG ══════════════════════════════════════════════════════════════════════════════════════════════════════════║
╬════════════════════════════════════════════════════════════════════════════════════════════════════════════════════════╬  
[2025-07-29 17:44:28] local.ERROR: ╬════════════════════════════════════════════════════════════════════════════════════════════════════════════════════════╬
║ EXCEPTION LOG ═══════════════════════════════════════════════════════════════════════════════════════════════════════
║ ⛔ [App\Exceptions\BusinessException]       ℹ️ 2025-07-29 17:44:28.934 ℹ️ ID: d23a9ebf-2c99-40f0-85ab-9a98545d9cdf ║
║══════════════════════════════════════════════════════════════════════════════════════════════════════════════════════║
║ ℹ️ REQUEST INFO ════════════════════════════════════════════════════════════════════════════════════════════════════║
║ Request URL    : POST http://localhost:8918/auth/register                                                            ║
║ Client IP      : 127.0.0.1                                                                                           ║
║ User Agent     : Apifox/1.0.0 (https://apifox.com)                                                                   ║
║ Request Params : {"tenant_name":"\u828b\u9053\u6e90\u7801","nickname":"test1","tenant_id":"1","username":"test","conf║
║ irm_password":"admin123"}                                                                                            ║
║ ⛔ EXCEPTION INFO ══════════════════════════════════════════════════════════════════════════════════════════════════║
║ Exception Code : 500006                                                                                              ║
║ Error Message  : 租户不存在                                                                                               ║
║ Location       : \app\Services\Admin\SystemTenantService.php:36                                                      ║
║ Environment    : local                                                                                               ║
║ STACK TRACE ═════════════════════════════════════════════════════════════════════════════════════════════════════════║
║ ║ #00 App\Services\Admin\SystemTenantService->checkTenant() in \app\Services\Common\Auth\AuthService.php:33          ║
║ ║ #01 App\Services\Common\Auth\AuthService->register() in :0                                                         ║
║ ║ #02 class@anonymous D:\project\ai-services\app\Helpers\AopProxy.php:25$8e9->__call() in \app\Http\Controllers\AuthC║
║ ontroller.php:20                                                                                                     ║
║ ║ #03 App\Http\Controllers\AuthController->register() in \vendor\laravel\framework\src\Illuminate\Routing\Controller.║
║ php:54                                                                                                               ║
║
║ END OF LOG ══════════════════════════════════════════════════════════════════════════════════════════════════════════║
╬════════════════════════════════════════════════════════════════════════════════════════════════════════════════════════╬  
[2025-07-29 17:45:15] local.ERROR: ╬════════════════════════════════════════════════════════════════════════════════════════════════════════════════════════╬
║ EXCEPTION LOG ═══════════════════════════════════════════════════════════════════════════════════════════════════════
║ ⛔ [App\Exceptions\BusinessException]       ℹ️ 2025-07-29 17:45:15.254 ℹ️ ID: c2356df3-3611-4f96-a48d-1958f643f2ab ║
║══════════════════════════════════════════════════════════════════════════════════════════════════════════════════════║
║ ℹ️ REQUEST INFO ════════════════════════════════════════════════════════════════════════════════════════════════════║
║ Request URL    : POST http://localhost:8918/auth/register                                                            ║
║ Client IP      : 127.0.0.1                                                                                           ║
║ User Agent     : Apifox/1.0.0 (https://apifox.com)                                                                   ║
║ Request Params : {"tenant_name":"\u828b\u9053\u6e90\u7801","nickname":"test1","tenant_id":"1","username":"test","conf║
║ irm_password":"admin123"}                                                                                            ║
║ ⛔ EXCEPTION INFO ══════════════════════════════════════════════════════════════════════════════════════════════════║
║ Exception Code : 500007                                                                                              ║
║ Error Message  : 该租户已经停用                                                                                             ║
║ Location       : \app\Services\Admin\SystemTenantService.php:44                                                      ║
║ Environment    : local                                                                                               ║
║ STACK TRACE ═════════════════════════════════════════════════════════════════════════════════════════════════════════║
║ ║ #00 App\Services\Admin\SystemTenantService->checkTenant() in \app\Services\Common\Auth\AuthService.php:33          ║
║ ║ #01 App\Services\Common\Auth\AuthService->register() in :0                                                         ║
║ ║ #02 class@anonymous D:\project\ai-services\app\Helpers\AopProxy.php:25$9f9->__call() in \app\Http\Controllers\AuthC║
║ ontroller.php:20                                                                                                     ║
║ ║ #03 App\Http\Controllers\AuthController->register() in \vendor\laravel\framework\src\Illuminate\Routing\Controller.║
║ php:54                                                                                                               ║
║
║ END OF LOG ══════════════════════════════════════════════════════════════════════════════════════════════════════════║
╬════════════════════════════════════════════════════════════════════════════════════════════════════════════════════════╬  
[2025-07-29 18:01:41] local.ERROR: ╬════════════════════════════════════════════════════════════════════════════════════════════════════════════════════════╬
║ EXCEPTION LOG ═══════════════════════════════════════════════════════════════════════════════════════════════════════
║ ⛔ [BadMethodCallException]                 ℹ️ 2025-07-29 18:01:41.331 ℹ️ ID: dfd1c310-7454-43fa-800c-60704fef36e5 ║
║══════════════════════════════════════════════════════════════════════════════════════════════════════════════════════║
║ ℹ️ REQUEST INFO ════════════════════════════════════════════════════════════════════════════════════════════════════║
║ Request URL    : POST http://localhost:8918/admin/system/tenant/detail                                               ║
║ Client IP      : 127.0.0.1                                                                                           ║
║ User Agent     : Apifox/1.0.0 (https://apifox.com)                                                                   ║
║ Request Params : []                                                                                                  ║
║ ⛔ EXCEPTION INFO ══════════════════════════════════════════════════════════════════════════════════════════════════║
║ Exception Code : 0                                                                                                   ║
║ Error Message  : Method App\Http\Controllers\Admin\SystemTenantController::detail does not exist.                    ║
║ Location       : \vendor\laravel\framework\src\Illuminate\Routing\Controller.php:68                                  ║
║ Environment    : local                                                                                               ║
║ STACK TRACE ═════════════════════════════════════════════════════════════════════════════════════════════════════════║
║ ║ #00 Illuminate\Routing\Controller->__call() in \vendor\laravel\framework\src\Illuminate\Routing\Controller.php:54  ║
║ ║ #01 Illuminate\Routing\Controller->callAction() in \vendor\laravel\framework\src\Illuminate\Routing\ControllerDispa║
║ tcher.php:45                                                                                                         ║
║ ║ #02 Illuminate\Routing\ControllerDispatcher->dispatch() in \vendor\laravel\framework\src\Illuminate\Routing\Route.p║
║ hp:261                                                                                                               ║
║ ║ #03 Illuminate\Routing\Route->runController() in \vendor\laravel\framework\src\Illuminate\Routing\Route.php:204    ║
║
║ END OF LOG ══════════════════════════════════════════════════════════════════════════════════════════════════════════║
╬════════════════════════════════════════════════════════════════════════════════════════════════════════════════════════╬  
[2025-07-29 18:01:57] local.ERROR: ╬════════════════════════════════════════════════════════════════════════════════════════════════════════════════════════╬
║ EXCEPTION LOG ═══════════════════════════════════════════════════════════════════════════════════════════════════════
║ ⛔ [Error]                                  ℹ️ 2025-07-29 18:01:57.905 ℹ️ ID: d4ffce35-9774-4ce7-989c-891ce858e7b7 ║
║══════════════════════════════════════════════════════════════════════════════════════════════════════════════════════║
║ ℹ️ REQUEST INFO ════════════════════════════════════════════════════════════════════════════════════════════════════║
║ Request URL    : POST http://localhost:8918/admin/system/tenant/detail                                               ║
║ Client IP      : 127.0.0.1                                                                                           ║
║ User Agent     : Apifox/1.0.0 (https://apifox.com)                                                                   ║
║ Request Params : []                                                                                                  ║
║ ⛔ EXCEPTION INFO ══════════════════════════════════════════════════════════════════════════════════════════════════║
║ Exception Code : 0                                                                                                   ║
║ Error Message  : Class "App\Services\Admin\UsersValidated" not found                                                 ║
║ Location       : \app\Services\Admin\SystemTenantService.php:228                                                     ║
║ Environment    : local                                                                                               ║
║ STACK TRACE ═════════════════════════════════════════════════════════════════════════════════════════════════════════║
║ ║ #00 App\Services\Admin\SystemTenantService->getDetail() in \app\Http\Controllers\Admin\SystemTenantController.php:9║
║ 2                                                                                                                    ║
║ ║ #01 App\Http\Controllers\Admin\SystemTenantController->getDetail() in \vendor\laravel\framework\src\Illuminate\Rout║
║ ing\Controller.php:54                                                                                                ║
║ ║ #02 Illuminate\Routing\Controller->callAction() in \vendor\laravel\framework\src\Illuminate\Routing\ControllerDispa║
║ tcher.php:45                                                                                                         ║
║ ║ #03 Illuminate\Routing\ControllerDispatcher->dispatch() in \vendor\laravel\framework\src\Illuminate\Routing\Route.p║
║ hp:261                                                                                                               ║
║
║ END OF LOG ══════════════════════════════════════════════════════════════════════════════════════════════════════════║
╬════════════════════════════════════════════════════════════════════════════════════════════════════════════════════════╬  
