[2025-07-29 17:02:42] local.DEBUG: ╬══════════════════════════════════════════════════════════════════════════════════════════════════════════════════════╬
║ SQL Request [ID: 8a8d8719-a70a-48f9-a554-4637d97c912e]                                                             ║
║ Request: POST http://localhost:8918/auth/register
║══════════════════════════════════════════════════════════════════════════════════════════════════════════════════════║
║ Query #1
║ Caller: \app\Helpers\AopProxy.php:55
║ Time: 93.29ms
║ Connection: mysql
║   select exists( select * from `system_users` where `username` = 'test') as                                          ║
║       `exists`                                                                                                       ║
║══════════════════════════════════════════════════════════════════════════════════════════════════════════════════════║
║   Total Queries: 1                                                                                                   ║
║   Total SQL Time: 93.29ms                                                                                            ║
║   Request Duration: 0.499s                                                                                           ║
╬══════════════════════════════════════════════════════════════════════════════════════════════════════════════════════╬  
[2025-07-29 17:44:29] local.DEBUG: ╬══════════════════════════════════════════════════════════════════════════════════════════════════════════════════════╬
║ SQL Request [ID: 8495e562-4d5b-4042-8f54-1280f70bb7ef]                                                             ║
║ Request: POST http://localhost:8918/auth/register
║══════════════════════════════════════════════════════════════════════════════════════════════════════════════════════║
║ Query #1
║ Caller: \app\Services\Common\Auth\AuthService.php:33
║ Time: 86.13ms
║ Connection: mysql
║   select `status`, `id`, `name` from `system_tenant` where `id` = '1' limit 1                                        ║
║══════════════════════════════════════════════════════════════════════════════════════════════════════════════════════║
║   Total Queries: 1                                                                                                   ║
║   Total SQL Time: 86.13ms                                                                                            ║
║   Request Duration: 0.553s                                                                                           ║
╬══════════════════════════════════════════════════════════════════════════════════════════════════════════════════════╬  
[2025-07-29 17:45:15] local.DEBUG: ╬══════════════════════════════════════════════════════════════════════════════════════════════════════════════════════╬
║ SQL Request [ID: 868924b0-57b3-4b9b-9a0d-37269957d285]                                                             ║
║ Request: POST http://localhost:8918/auth/register
║══════════════════════════════════════════════════════════════════════════════════════════════════════════════════════║
║ Query #1
║ Caller: \app\Services\Common\Auth\AuthService.php:33
║ Time: 51.22ms
║ Connection: mysql
║   select `status`, `id`, `name` from `system_tenant` where `id` = '1' limit 1                                        ║
║══════════════════════════════════════════════════════════════════════════════════════════════════════════════════════║
║   Total Queries: 1                                                                                                   ║
║   Total SQL Time: 51.22ms                                                                                            ║
║   Request Duration: 0.452s                                                                                           ║
╬══════════════════════════════════════════════════════════════════════════════════════════════════════════════════════╬  
