[2025-07-30 09:29:18] local.DEBUG: ╬══════════════════════════════════════════════════════════════════════════════════════════════════════════════════════╬
║ SQL Request [ID: e806caea-29e2-4913-bd27-a46d99b1463b]                                                             ║
║ Request: POST http://localhost:8918/admin/system/menu/list
║══════════════════════════════════════════════════════════════════════════════════════════════════════════════════════║
║ Query #1
║ Caller: \app\Services\Admin\SystemMenuService.php:38
║ Time: 121.47ms
║ Connection: mysql
║   select `id`, `name`, `permission`, `type`, `sort`, `parent_id`, `path`, `icon`,                                    ║
║       `component`, `component_name`, `status`, `visible`, `keep_alive`,                                              ║
║       `always_show` from `system_menu` order by `id` desc                                                            ║
║══════════════════════════════════════════════════════════════════════════════════════════════════════════════════════║
║   Total Queries: 1                                                                                                   ║
║   Total SQL Time: 121.47ms                                                                                           ║
║   Request Duration: 0.293s                                                                                           ║
╬══════════════════════════════════════════════════════════════════════════════════════════════════════════════════════╬  
[2025-07-30 11:53:22] local.DEBUG: ╬══════════════════════════════════════════════════════════════════════════════════════════════════════════════════════╬
║ SQL Request [ID: b90797ee-d68d-4307-a4a1-746e0ced0a44]                                                             ║
║ Request: POST http://localhost:8918/admin/system/menu/list
║══════════════════════════════════════════════════════════════════════════════════════════════════════════════════════║
║ Query #1
║ Caller: \app\Services\Admin\SystemMenuService.php:39
║ Time: 96.39ms
║ Connection: mysql
║   select `id`, `name`, `permission`, `type`, `sort`, `parent_id`, `path`, `icon`,                                    ║
║       `component`, `component_name`, `status`, `visible`, `keep_alive`,                                              ║
║       `always_show` from `system_menu` order by `id` desc                                                            ║
║══════════════════════════════════════════════════════════════════════════════════════════════════════════════════════║
║   Total Queries: 1                                                                                                   ║
║   Total SQL Time: 96.39ms                                                                                            ║
║   Request Duration: 0.582s                                                                                           ║
╬══════════════════════════════════════════════════════════════════════════════════════════════════════════════════════╬  
[2025-07-30 14:22:55] local.DEBUG: ╬══════════════════════════════════════════════════════════════════════════════════════════════════════════════════════╬
║ SQL Request [ID: c56adcf1-bb83-4e42-b668-fecbe1956619]                                                             ║
║ Request: POST http://localhost:8918/admin/system/menu/list
║══════════════════════════════════════════════════════════════════════════════════════════════════════════════════════║
║ Query #1
║ Caller: \app\Services\Admin\SystemMenuService.php:33
║ Time: 53.19ms
║ Connection: mysql
║   select `id`, `name`, `permission`, `type`, `sort`, `parent_id`, `path`, `icon`,                                    ║
║       `component`, `component_name`, `status`, `visible`, `keep_alive`,                                              ║
║       `always_show` from `system_menu` order by `id` desc                                                            ║
║══════════════════════════════════════════════════════════════════════════════════════════════════════════════════════║
║   Total Queries: 1                                                                                                   ║
║   Total SQL Time: 53.19ms                                                                                            ║
║   Request Duration: 0.576s                                                                                           ║
╬══════════════════════════════════════════════════════════════════════════════════════════════════════════════════════╬  
[2025-07-30 14:23:10] local.DEBUG: ╬══════════════════════════════════════════════════════════════════════════════════════════════════════════════════════╬
║ SQL Request [ID: e4cc4077-d8b8-42a3-912b-b8d4726bada5]                                                             ║
║ Request: POST http://localhost:8918/admin/system/menu/list
║══════════════════════════════════════════════════════════════════════════════════════════════════════════════════════║
║ Query #1
║ Caller: \app\Services\Admin\SystemMenuService.php:33
║ Time: 88.93ms
║ Connection: mysql
║   select `id`, `name`, `permission`, `type`, `sort`, `parent_id`, `path`, `icon`,                                    ║
║       `component`, `component_name`, `status`, `visible`, `keep_alive`,                                              ║
║       `always_show` from `system_menu` order by `id` desc                                                            ║
║══════════════════════════════════════════════════════════════════════════════════════════════════════════════════════║
║   Total Queries: 1                                                                                                   ║
║   Total SQL Time: 88.93ms                                                                                            ║
║   Request Duration: 0.229s                                                                                           ║
╬══════════════════════════════════════════════════════════════════════════════════════════════════════════════════════╬  
[2025-07-30 14:23:43] local.DEBUG: ╬══════════════════════════════════════════════════════════════════════════════════════════════════════════════════════╬
║ SQL Request [ID: 31b7b3ae-f858-4365-92d7-e16ec32aebad]                                                             ║
║ Request: POST http://localhost:8918/admin/system/menu/list
║══════════════════════════════════════════════════════════════════════════════════════════════════════════════════════║
║ Query #1
║ Caller: \app\Services\Admin\SystemMenuService.php:33
║ Time: 51.41ms
║ Connection: mysql
║   select `id`, `name`, `permission`, `type`, `sort`, `parent_id`, `path`, `icon`,                                    ║
║       `component`, `component_name`, `status`, `visible`, `keep_alive`,                                              ║
║       `always_show` from `system_menu` order by `id` desc                                                            ║
║══════════════════════════════════════════════════════════════════════════════════════════════════════════════════════║
║   Total Queries: 1                                                                                                   ║
║   Total SQL Time: 51.41ms                                                                                            ║
║   Request Duration: 0.186s                                                                                           ║
╬══════════════════════════════════════════════════════════════════════════════════════════════════════════════════════╬  
[2025-07-30 14:37:09] local.DEBUG: ╬══════════════════════════════════════════════════════════════════════════════════════════════════════════════════════╬
║ SQL Request [ID: 42a89687-634e-4244-91f0-20e819ec6d41]                                                             ║
║ Request: POST http://localhost:8918/admin/system/menu/add
║══════════════════════════════════════════════════════════════════════════════════════════════════════════════════════║
║ Query #1
║ Caller: \app\Helpers\AopProxy.php:55
║ Time: 16.79ms
║ Connection: mysql
║   insert into `system_menu` (`always_show`, `component`, `component_name`,                                           ║
║       `created_at`, `created_by`, `icon`, `keep_alive`, `name`, `parent_id`,                                         ║
║       `path`, `permission`, `sort`, `status`, `type`, `updated_at`, `updated_by`,                                    ║
║       `visible`) values ('1', '', '', '2025-07-30 14:37:09', 'System',                                               ║
║       'ep:avatar', '1', '111111', '0', '/', '', '111', '0', '1', '2025-07-30                                         ║
║       14:37:09', 'System', '1')                                                                                      ║
║══════════════════════════════════════════════════════════════════════════════════════════════════════════════════════║
║   Total Queries: 1                                                                                                   ║
║   Total SQL Time: 16.79ms                                                                                            ║
║   Request Duration: 0.287s                                                                                           ║
╬══════════════════════════════════════════════════════════════════════════════════════════════════════════════════════╬  
[2025-07-30 15:21:00] local.DEBUG: ╬══════════════════════════════════════════════════════════════════════════════════════════════════════════════════════╬
║ SQL Request [ID: 60e948f7-133e-437f-9aa8-2d3abc6317b2]                                                             ║
║ Request: POST http://localhost:8918/admin/system/menu/add
║══════════════════════════════════════════════════════════════════════════════════════════════════════════════════════║
║ Query #1
║ Caller: \app\Services\Admin\SystemMenuService.php:72
║ Time: 13.82ms
║ Connection: mysql
║   select `type`, `id` from `system_menu` where (`id` = '0') order by `id` desc                                       ║
║       limit 1                                                                                                        ║
║══════════════════════════════════════════════════════════════════════════════════════════════════════════════════════║
║   Total Queries: 1                                                                                                   ║
║   Total SQL Time: 13.82ms                                                                                            ║
║   Request Duration: 0.789s                                                                                           ║
╬══════════════════════════════════════════════════════════════════════════════════════════════════════════════════════╬  
[2025-07-30 15:24:53] local.DEBUG: ╬══════════════════════════════════════════════════════════════════════════════════════════════════════════════════════╬
║ SQL Request [ID: 2f1a7c63-aba3-4b98-92a1-16f589ff1802]                                                             ║
║ Request: POST http://localhost:8918/admin/system/menu/add
║══════════════════════════════════════════════════════════════════════════════════════════════════════════════════════║
║ Query #1
║ Caller: \app\Services\Admin\SystemMenuService.php:72
║ Time: 11.3ms
║ Connection: mysql
║   select `type`, `id` from `system_menu` where (`id` = '0') order by `id` desc                                       ║
║       limit 1                                                                                                        ║
║══════════════════════════════════════════════════════════════════════════════════════════════════════════════════════║
║   Total Queries: 1                                                                                                   ║
║   Total SQL Time: 11.30ms                                                                                            ║
║   Request Duration: 0.502s                                                                                           ║
╬══════════════════════════════════════════════════════════════════════════════════════════════════════════════════════╬  
[2025-07-30 15:33:11] local.DEBUG: ╬══════════════════════════════════════════════════════════════════════════════════════════════════════════════════════╬
║ SQL Request [ID: 4704848e-080e-4de4-b7aa-693042d4ffaa]                                                             ║
║ Request: POST http://localhost:8918/admin/system/menu/add
║══════════════════════════════════════════════════════════════════════════════════════════════════════════════════════║
║ Query #1
║ Caller: \app\Services\Admin\SystemMenuService.php:72
║ Time: 10.91ms
║ Connection: mysql
║   select `type`, `id` from `system_menu` where (`id` = '0') order by `id` desc                                       ║
║       limit 1                                                                                                        ║
║══════════════════════════════════════════════════════════════════════════════════════════════════════════════════════║
║   Total Queries: 1                                                                                                   ║
║   Total SQL Time: 10.91ms                                                                                            ║
║   Request Duration: 0.500s                                                                                           ║
╬══════════════════════════════════════════════════════════════════════════════════════════════════════════════════════╬  
[2025-07-30 15:33:29] local.DEBUG: ╬══════════════════════════════════════════════════════════════════════════════════════════════════════════════════════╬
║ SQL Request [ID: 5c2daae3-f2ba-49e3-a66f-a5a4abf75fd4]                                                             ║
║ Request: POST http://localhost:8918/admin/system/menu/list
║══════════════════════════════════════════════════════════════════════════════════════════════════════════════════════║
║ Query #1
║ Caller: \app\Services\Admin\SystemMenuService.php:36
║ Time: 80.53ms
║ Connection: mysql
║   select `id`, `name`, `permission`, `type`, `sort`, `parent_id`, `path`, `icon`,                                    ║
║       `component`, `component_name`, `status`, `visible`, `keep_alive`,                                              ║
║       `always_show` from `system_menu` order by `id` desc                                                            ║
║══════════════════════════════════════════════════════════════════════════════════════════════════════════════════════║
║   Total Queries: 1                                                                                                   ║
║   Total SQL Time: 80.53ms                                                                                            ║
║   Request Duration: 0.286s                                                                                           ║
╬══════════════════════════════════════════════════════════════════════════════════════════════════════════════════════╬  
[2025-07-30 15:34:53] local.DEBUG: ╬══════════════════════════════════════════════════════════════════════════════════════════════════════════════════════╬
║ SQL Request [ID: 3d829782-4e11-4a01-ba20-1e41f2611bfb]                                                             ║
║ Request: POST http://localhost:8918/admin/system/menu/list
║══════════════════════════════════════════════════════════════════════════════════════════════════════════════════════║
║ Query #1
║ Caller: \app\Services\Admin\SystemMenuService.php:37
║ Time: 77.39ms
║ Connection: mysql
║   select `id`, `name`, `permission`, `type`, `sort`, `parent_id`, `path`, `icon`,                                    ║
║       `component`, `component_name`, `status`, `visible`, `keep_alive`,                                              ║
║       `always_show` from `system_menu` order by `id` asc                                                             ║
║══════════════════════════════════════════════════════════════════════════════════════════════════════════════════════║
║   Total Queries: 1                                                                                                   ║
║   Total SQL Time: 77.39ms                                                                                            ║
║   Request Duration: 0.281s                                                                                           ║
╬══════════════════════════════════════════════════════════════════════════════════════════════════════════════════════╬  
[2025-07-30 16:57:38] local.DEBUG: ╬══════════════════════════════════════════════════════════════════════════════════════════════════════════════════════╬
║ SQL Request [ID: 268574c1-9ee4-4e9f-8430-a717f6c8e607]                                                             ║
║ Request: POST http://localhost:8918/admin/system/menu/add
║══════════════════════════════════════════════════════════════════════════════════════════════════════════════════════║
║ Query #1
║ Caller: \app\Helpers\AopProxy.php:55
║ Time: 14.87ms
║ Connection: mysql
║   select exists( select * from `system_menu` where `parent_id` = '0'                                                 ║
║            and `name` = '111111') as `exists`                                                                        ║
║ ──────────────────────────────────────────────────────────────────────────────────────────────────────────────────── 
║ Query #2
║ Caller: \app\Helpers\AopProxy.php:55
║ Time: 14.33ms
║ Connection: mysql
║   insert into `system_menu` (`always_show`, `component`, `component_name`,                                           ║
║       `created_at`, `created_by`, `icon`, `keep_alive`, `name`, `parent_id`,                                         ║
║       `path`, `permission`, `sort`, `status`, `type`, `updated_at`, `updated_by`,                                    ║
║       `visible`) values ('1', '', '', '2025-07-30 16:57:38', 'System',                                               ║
║       'ep:avatar', '1', '111111', '0', '/', '', '111', '0', '1', '2025-07-30                                         ║
║       16:57:38', 'System', '1')                                                                                      ║
║══════════════════════════════════════════════════════════════════════════════════════════════════════════════════════║
║   Total Queries: 2                                                                                                   ║
║   Total SQL Time: 29.20ms                                                                                            ║
║   Request Duration: 0.355s                                                                                           ║
╬══════════════════════════════════════════════════════════════════════════════════════════════════════════════════════╬  
[2025-07-30 17:39:55] local.DEBUG: ╬══════════════════════════════════════════════════════════════════════════════════════════════════════════════════════╬
║ SQL Request [ID: 7d731c8f-4a30-4c91-87e7-7a9825e55a59]                                                             ║
║ Request: POST http://localhost:8918/admin/system/menu/list
║══════════════════════════════════════════════════════════════════════════════════════════════════════════════════════║
║ Query #1
║ Caller: \app\Services\Admin\SystemMenuService.php:37
║ Time: 71.44ms
║ Connection: mysql
║   select `id`, `name`, `permission`, `type`, `sort`, `parent_id`, `path`, `icon`,                                    ║
║       `component`, `component_name`, `status`, `visible`, `keep_alive`,                                              ║
║       `always_show` from `system_menu` order by `id` asc                                                             ║
║══════════════════════════════════════════════════════════════════════════════════════════════════════════════════════║
║   Total Queries: 1                                                                                                   ║
║   Total SQL Time: 71.44ms                                                                                            ║
║   Request Duration: 0.346s                                                                                           ║
╬══════════════════════════════════════════════════════════════════════════════════════════════════════════════════════╬  
